[+] Containers:
 |- [+] Container: /Game/ThirdPerson/Maps/ThirdPersonMap
 |   |- [+] ActorDescs:
 |   |   |- Guid:126BA7654B8449382FBB6DAEAA3ED4A6 BaseClass:/Game/Sun_death_BPs/BP_Shade.BP_Shade_C NativeClass:/Script/Engine.Actor Name:BP_Shade_C_UAID_581122B8A8CD366402_1698839605 Label:BP_Shade8 SpatiallyLoaded:1 Bounds:IsValid=true, Min=(X=14542.500 Y=492.500 Z=-32.000), Max=(X=14817.500 Y=767.500 Z=441.875) RuntimeGrid:None EditorOnly:0 RuntimeOnly:0 HLODRelevant:0 ListedInSceneOutliner:1 IsMainWorldOnly:0
 |   |   |- Guid:1501CAB7472D7DFA43E60181EF1888FF BaseClass:/Game/Sun_death_BPs/BP_Shade.BP_Shade_C NativeClass:/Script/Engine.Actor Name:BP_Shade_C_UAID_581122B8A8CD366402_1711024608 Label:BP_Shade11 SpatiallyLoaded:1 Bounds:IsValid=true, Min=(X=18812.500 Y=1742.500 Z=-32.000), Max=(X=19087.500 Y=2017.500 Z=441.875) RuntimeGrid:None EditorOnly:0 RuntimeOnly:0 HLODRelevant:0 ListedInSceneOutliner:1 IsMainWorldOnly:0
 |   |   |- Guid:1B242C7F43A67E8C8E7309BBC0436513 BaseClass:/Game/ThirdPerson/Blueprints/BP_FollowCamera.BP_FollowCamera_C NativeClass:/Script/Engine.Actor Name:BP_FollowCamera_C_UAID_581122B8A8CDF96302_1493392864 Label:BP_FollowCamera SpatiallyLoaded:1 Bounds:IsValid=true, Min=(X=301.699 Y=1410.000 Z=51.699), Max=(X=438.301 Y=1510.000 Z=188.301) RuntimeGrid:None EditorOnly:0 RuntimeOnly:0 HLODRelevant:0 ListedInSceneOutliner:1 IsMainWorldOnly:0
 |   |   |- Guid:2155CAD7475AEE1A4E475188A11DCA07 BaseClass:/Game/Sun_death_BPs/BP_Shade.BP_Shade_C NativeClass:/Script/Engine.Actor Name:BP_Shade_C_UAID_581122B8A8CD366402_1694728603 Label:BP_Shade6 SpatiallyLoaded:1 Bounds:IsValid=true, Min=(X=10242.500 Y=602.500 Z=-32.000), Max=(X=10517.500 Y=877.500 Z=441.875) RuntimeGrid:None EditorOnly:0 RuntimeOnly:0 HLODRelevant:0 ListedInSceneOutliner:1 IsMainWorldOnly:0
 |   |   |- Guid:2485728C4DBEE290F8F2FE90D829CA60 BaseClass: NativeClass:/Script/Engine.BlockingVolume Name:BlockingVolume_UAID_581122B8A8CD1C5B02_1513309520 Label:BlockingVolume SpatiallyLoaded:1 Bounds:IsValid=true, Min=(X=-190.000 Y=45.000 Z=40.000), Max=(X=10.000 Y=2895.000 Z=240.000) RuntimeGrid:None EditorOnly:0 RuntimeOnly:0 HLODRelevant:0 ListedInSceneOutliner:1 IsMainWorldOnly:0
 |   |   |- Guid:316CF2A6494ACA4C0E4180A87D36AB8F BaseClass: NativeClass:/Script/Engine.ExponentialHeightFog Name:ExponentialHeightFog_0 Label:ExponentialHeightFog SpatiallyLoaded:0 Bounds:IsValid=true, Min=(X=-5600.000 Y=-50.000 Z=-6850.000), Max=(X=-5600.000 Y=-50.000 Z=-6850.000) RuntimeGrid:None EditorOnly:0 RuntimeOnly:0 HLODRelevant:0 ListedInSceneOutliner:1 IsMainWorldOnly:0 FolderPath:Lighting FolderGuid:963EC3EB4002CCE9759E2EBA541A873A
 |   |   |- Guid:472F3B4E4A9B386E92EDF28BF9E91F22 BaseClass:/Game/Sun_death_BPs/BP_Shade.BP_Shade_C NativeClass:/Script/Engine.Actor Name:BP_Shade_C_UAID_581122B8A8CD366402_1696190604 Label:BP_Shade7 SpatiallyLoaded:1 Bounds:IsValid=true, Min=(X=13132.500 Y=1602.500 Z=-32.000), Max=(X=13407.500 Y=1877.500 Z=441.875) RuntimeGrid:None EditorOnly:0 RuntimeOnly:0 HLODRelevant:0 ListedInSceneOutliner:1 IsMainWorldOnly:0
 |   |   |- Guid:4D3BE93F4146AAAC8BBE79999D96D57F BaseClass: NativeClass:/Script/Engine.VolumetricCloud Name:VolumetricCloud_0 Label:VolumetricCloud SpatiallyLoaded:0 Bounds:IsValid=true, Min=(X=0.000 Y=0.000 Z=820.000), Max=(X=0.000 Y=0.000 Z=820.000) RuntimeGrid:None EditorOnly:0 RuntimeOnly:0 HLODRelevant:0 ListedInSceneOutliner:1 IsMainWorldOnly:0 FolderPath:Lighting FolderGuid:963EC3EB4002CCE9759E2EBA541A873A
 |   |   |- Guid:55333FB94894688C2AFFB28AD39C2105 BaseClass: NativeClass:/Script/Engine.PlayerStart Name:PlayerStart_UAID_581122B8A8CDA16302_1148610382 Label:PlayerStart2 SpatiallyLoaded:0 Bounds:IsValid=true, Min=(X=40.000 Y=1680.000 Z=0.000), Max=(X=120.000 Y=1760.000 Z=184.000) RuntimeGrid:None EditorOnly:0 RuntimeOnly:0 HLODRelevant:0 ListedInSceneOutliner:1 IsMainWorldOnly:0
 |   |   |- Guid:673B6059433FB82327F8B7A214810709 BaseClass:/Game/Sun_death_BPs/BP_Shade.BP_Shade_C NativeClass:/Script/Engine.Actor Name:BP_Shade_C_UAID_581122B8A8CD366402_1637511599 Label:BP_Shade2 SpatiallyLoaded:1 Bounds:IsValid=true, Min=(X=3072.500 Y=2142.500 Z=-32.000), Max=(X=3347.500 Y=2417.500 Z=441.875) RuntimeGrid:None EditorOnly:0 RuntimeOnly:0 HLODRelevant:0 ListedInSceneOutliner:1 IsMainWorldOnly:0
 |   |   |- Guid:6BAF4DDD444C60371492D3919DB42C97 BaseClass: NativeClass:/Script/Engine.WorldDataLayers Name:WorldDataLayers Label:WorldDataLayers SpatiallyLoaded:0 Bounds:IsValid=true, Min=(X=0.000 Y=0.000 Z=0.000), Max=(X=0.000 Y=0.000 Z=0.000) RuntimeGrid:None EditorOnly:0 RuntimeOnly:0 HLODRelevant:0 ListedInSceneOutliner:1 IsMainWorldOnly:1
 |   |   |- Guid:6C7880C64F24D4E4F871239AFE9BFC0D BaseClass:/Game/Sun_death_BPs/BP_Shade.BP_Shade_C NativeClass:/Script/Engine.Actor Name:BP_Shade_C_UAID_581122B8A8CD366402_1712178609 Label:BP_Shade12 SpatiallyLoaded:1 Bounds:IsValid=true, Min=(X=20312.500 Y=1122.500 Z=-32.000), Max=(X=20587.500 Y=1397.500 Z=441.875) RuntimeGrid:None EditorOnly:0 RuntimeOnly:0 HLODRelevant:0 ListedInSceneOutliner:1 IsMainWorldOnly:0
 |   |   |- Guid:7A79693F47AE69F135F7FC8A5475C6AE BaseClass:/Game/Sun_death_BPs/BP_Shade.BP_Shade_C NativeClass:/Script/Engine.Actor Name:BP_Shade_C_UAID_581122B8A8CDA66302_1508551264 Label:BP_Shade SpatiallyLoaded:1 Bounds:IsValid=true, Min=(X=872.500 Y=1322.500 Z=-32.000), Max=(X=1147.500 Y=1597.500 Z=441.875) RuntimeGrid:None EditorOnly:0 RuntimeOnly:0 HLODRelevant:0 ListedInSceneOutliner:1 IsMainWorldOnly:0
 |   |   |- Guid:8BE0D06D48B69131698EB395F00D8823 BaseClass:/Game/Sun_death_BPs/BP_Shade.BP_Shade_C NativeClass:/Script/Engine.Actor Name:BP_Shade_C_UAID_581122B8A8CD366402_1700423606 Label:BP_Shade9 SpatiallyLoaded:1 Bounds:IsValid=true, Min=(X=16342.500 Y=2022.500 Z=-32.000), Max=(X=16617.500 Y=2297.500 Z=441.875) RuntimeGrid:None EditorOnly:0 RuntimeOnly:0 HLODRelevant:0 ListedInSceneOutliner:1 IsMainWorldOnly:0
 |   |   |- Guid:AB2C6FCF450E6CAD87D3A5AB31F2C8C9 BaseClass:/Game/Sun_death_BPs/BP_PCG.BP_PCG_C NativeClass:/Script/Engine.Actor Name:BP_PCG_C_UAID_581122B8A8CDEE6302_1621265932 Label:BP_PCG SpatiallyLoaded:1 Bounds:IsValid=true, Min=(X=350.000 Y=290.000 Z=0.000), Max=(X=350.000 Y=290.000 Z=0.000) RuntimeGrid:None EditorOnly:0 RuntimeOnly:0 HLODRelevant:0 ListedInSceneOutliner:1 IsMainWorldOnly:0
 |   |   |- Guid:AFB8CFB04565C0D65BB63E8F5FB00B11 BaseClass:/Game/Sun_death_BPs/BP_Shade.BP_Shade_C NativeClass:/Script/Engine.Actor Name:BP_Shade_C_UAID_581122B8A8CD366402_1688547602 Label:BP_Shade5 SpatiallyLoaded:1 Bounds:IsValid=true, Min=(X=9282.500 Y=2152.500 Z=-32.000), Max=(X=9557.500 Y=2427.500 Z=441.875) RuntimeGrid:None EditorOnly:0 RuntimeOnly:0 HLODRelevant:0 ListedInSceneOutliner:1 IsMainWorldOnly:0
 |   |   |- Guid:B2BC304745F353D825D0E29124AE6E5D BaseClass: NativeClass:/Script/Engine.StaticMeshActor Name:StaticMeshActor_UAID_581122B8A8CD1C5B02_1402305519 Label:SM_Cube3 SpatiallyLoaded:1 Bounds:IsValid=true, Min=(X=0.000 Y=2885.000 Z=0.000), Max=(X=22500.000 Y=2985.000 Z=400.000) RuntimeGrid:None EditorOnly:0 RuntimeOnly:0 HLODRelevant:1 ListedInSceneOutliner:1 IsMainWorldOnly:0 FolderPath:Playground FolderGuid:C73F09FC4215536B1DCE2A9E0A830C70
 |   |   |- Guid:B785ED2844B84CFB91E7F39FE661CD99 BaseClass: NativeClass:/Script/Engine.DirectionalLight Name:DirectionalLight_0 Label:DirectionalLight SpatiallyLoaded:0 Bounds:Invalid RuntimeGrid:None EditorOnly:0 RuntimeOnly:0 HLODRelevant:0 ListedInSceneOutliner:1 IsMainWorldOnly:0 FolderPath:Lighting FolderGuid:963EC3EB4002CCE9759E2EBA541A873A
 |   |   |- Guid:BC08B79C4EA3C961CFF75EBBE83B367D BaseClass: NativeClass:/Script/Engine.StaticMeshActor Name:StaticMeshActor_5 Label:SM_Cube2 SpatiallyLoaded:1 Bounds:IsValid=true, Min=(X=0.000 Y=0.000 Z=0.000), Max=(X=22500.000 Y=100.000 Z=400.000) RuntimeGrid:None EditorOnly:0 RuntimeOnly:0 HLODRelevant:1 ListedInSceneOutliner:1 IsMainWorldOnly:0 FolderPath:Playground FolderGuid:C73F09FC4215536B1DCE2A9E0A830C70
 |   |   |- Guid:C228A094475A1450AB381D91097B14D0 BaseClass: NativeClass:/Script/Engine.PlayerStart Name:PlayerStart_UAID_581122B8A8CD9F6302_1422078029 Label:PlayerStart SpatiallyLoaded:0 Bounds:IsValid=true, Min=(X=30.000 Y=1310.000 Z=0.000), Max=(X=110.000 Y=1390.000 Z=184.000) RuntimeGrid:None EditorOnly:0 RuntimeOnly:0 HLODRelevant:0 ListedInSceneOutliner:1 IsMainWorldOnly:0
 |   |   |- Guid:CCFF262C46EEFFDF319E7F9539CE697E BaseClass: NativeClass:/Script/Engine.SkyAtmosphere Name:SkyAtmosphere_0 Label:SkyAtmosphere SpatiallyLoaded:0 Bounds:IsValid=true, Min=(X=0.000 Y=0.000 Z=1020.000), Max=(X=0.000 Y=0.000 Z=1020.000) RuntimeGrid:None EditorOnly:0 RuntimeOnly:0 HLODRelevant:0 ListedInSceneOutliner:1 IsMainWorldOnly:0 FolderPath:Lighting FolderGuid:963EC3EB4002CCE9759E2EBA541A873A
 |   |   |- Guid:D061644C4F095B8DA17382A1DA122640 BaseClass:/Game/Sun_death_BPs/BP_SunDamage.BP_SunDamage_C NativeClass:/Script/Engine.Actor Name:BP_SunDamage_C_UAID_581122B8A8CDA16302_2104762383 Label:BP_SunDamage SpatiallyLoaded:1 Bounds:IsValid=true, Min=(X=178.000 Y=98.000 Z=-32.000), Max=(X=22642.000 Y=2882.000 Z=32.000) RuntimeGrid:None EditorOnly:0 RuntimeOnly:0 HLODRelevant:0 ListedInSceneOutliner:1 IsMainWorldOnly:0
 |   |   |- Guid:D22ECEEE4BB3D149CB35CDA12FA3E597 BaseClass:/Game/Sun_death_BPs/BP_Shade.BP_Shade_C NativeClass:/Script/Engine.Actor Name:BP_Shade_C_UAID_581122B8A8CD366402_1679990600 Label:BP_Shade3 SpatiallyLoaded:1 Bounds:IsValid=true, Min=(X=4662.500 Y=362.500 Z=-32.000), Max=(X=4937.500 Y=637.500 Z=441.875) RuntimeGrid:None EditorOnly:0 RuntimeOnly:0 HLODRelevant:0 ListedInSceneOutliner:1 IsMainWorldOnly:0
 |   |   |- Guid:EC4E0C944CE6AC6E784BC6BB2916EA13 BaseClass: NativeClass:/Script/Engine.StaticMeshActor Name:StaticMeshActor_UAID_A4AE111137DC5EFB00_1110535423 Label:SM_SkySphere SpatiallyLoaded:0 Bounds:IsValid=true, Min=(X=-1638400.000 Y=-1638400.000 Z=-1638400.000), Max=(X=1638400.000 Y=1638400.000 Z=1638400.000) RuntimeGrid:None EditorOnly:0 RuntimeOnly:0 HLODRelevant:1 ListedInSceneOutliner:1 IsMainWorldOnly:0 FolderPath:Lighting FolderGuid:963EC3EB4002CCE9759E2EBA541A873A
 |   |   |- Guid:F1924B8D48954B30891B2DB6A694F9CC BaseClass: NativeClass:/Script/Engine.StaticMeshActor Name:StaticMeshActor_1 Label:SM_Cube SpatiallyLoaded:1 Bounds:IsValid=true, Min=(X=0.000 Y=0.000 Z=-50.000), Max=(X=22500.000 Y=2975.000 Z=0.000) RuntimeGrid:None EditorOnly:0 RuntimeOnly:0 HLODRelevant:1 ListedInSceneOutliner:1 IsMainWorldOnly:0 FolderPath:Playground FolderGuid:C73F09FC4215536B1DCE2A9E0A830C70
 |   |   |- Guid:F363EAEE49B6A43142F9E78EB2FD60DD BaseClass:/Game/Sun_death_BPs/BP_Shade.BP_Shade_C NativeClass:/Script/Engine.Actor Name:BP_Shade_C_UAID_581122B8A8CD366402_1685406601 Label:BP_Shade4 SpatiallyLoaded:1 Bounds:IsValid=true, Min=(X=6892.500 Y=1352.500 Z=-32.000), Max=(X=7167.500 Y=1627.500 Z=441.875) RuntimeGrid:None EditorOnly:0 RuntimeOnly:0 HLODRelevant:0 ListedInSceneOutliner:1 IsMainWorldOnly:0
 |   |   |- Guid:FEFFE6D54FDCE0248F03BAB2A94BCC13 BaseClass:/Game/Sun_death_BPs/BP_Shade.BP_Shade_C NativeClass:/Script/Engine.Actor Name:BP_Shade_C_UAID_581122B8A8CD366402_1709990607 Label:BP_Shade10 SpatiallyLoaded:1 Bounds:IsValid=true, Min=(X=17562.500 Y=592.500 Z=-32.000), Max=(X=17837.500 Y=867.500 Z=441.875) RuntimeGrid:None EditorOnly:0 RuntimeOnly:0 HLODRelevant:0 ListedInSceneOutliner:1 IsMainWorldOnly:0
 |   |- [+] Clusters:
 |   |   |- [+] [  0]
 |   |   |   |- Guid:126BA7654B8449382FBB6DAEAA3ED4A6 BaseClass:/Game/Sun_death_BPs/BP_Shade.BP_Shade_C NativeClass:/Script/Engine.Actor Name:BP_Shade_C_UAID_581122B8A8CD366402_1698839605 Label:BP_Shade8 SpatiallyLoaded:1 Bounds:IsValid=true, Min=(X=14542.500 Y=492.500 Z=-32.000), Max=(X=14817.500 Y=767.500 Z=441.875) RuntimeGrid:None EditorOnly:0 RuntimeOnly:0 HLODRelevant:0 ListedInSceneOutliner:1 IsMainWorldOnly:0
 |   |   |- [+] [  1]
 |   |   |   |- Guid:1501CAB7472D7DFA43E60181EF1888FF BaseClass:/Game/Sun_death_BPs/BP_Shade.BP_Shade_C NativeClass:/Script/Engine.Actor Name:BP_Shade_C_UAID_581122B8A8CD366402_1711024608 Label:BP_Shade11 SpatiallyLoaded:1 Bounds:IsValid=true, Min=(X=18812.500 Y=1742.500 Z=-32.000), Max=(X=19087.500 Y=2017.500 Z=441.875) RuntimeGrid:None EditorOnly:0 RuntimeOnly:0 HLODRelevant:0 ListedInSceneOutliner:1 IsMainWorldOnly:0
 |   |   |- [+] [  2]
 |   |   |   |- Guid:1B242C7F43A67E8C8E7309BBC0436513 BaseClass:/Game/ThirdPerson/Blueprints/BP_FollowCamera.BP_FollowCamera_C NativeClass:/Script/Engine.Actor Name:BP_FollowCamera_C_UAID_581122B8A8CDF96302_1493392864 Label:BP_FollowCamera SpatiallyLoaded:1 Bounds:IsValid=true, Min=(X=301.699 Y=1410.000 Z=51.699), Max=(X=438.301 Y=1510.000 Z=188.301) RuntimeGrid:None EditorOnly:0 RuntimeOnly:0 HLODRelevant:0 ListedInSceneOutliner:1 IsMainWorldOnly:0
 |   |   |- [+] [  3]
 |   |   |   |- Guid:2155CAD7475AEE1A4E475188A11DCA07 BaseClass:/Game/Sun_death_BPs/BP_Shade.BP_Shade_C NativeClass:/Script/Engine.Actor Name:BP_Shade_C_UAID_581122B8A8CD366402_1694728603 Label:BP_Shade6 SpatiallyLoaded:1 Bounds:IsValid=true, Min=(X=10242.500 Y=602.500 Z=-32.000), Max=(X=10517.500 Y=877.500 Z=441.875) RuntimeGrid:None EditorOnly:0 RuntimeOnly:0 HLODRelevant:0 ListedInSceneOutliner:1 IsMainWorldOnly:0
 |   |   |- [+] [  4]
 |   |   |   |- Guid:2485728C4DBEE290F8F2FE90D829CA60 BaseClass: NativeClass:/Script/Engine.BlockingVolume Name:BlockingVolume_UAID_581122B8A8CD1C5B02_1513309520 Label:BlockingVolume SpatiallyLoaded:1 Bounds:IsValid=true, Min=(X=-190.000 Y=45.000 Z=40.000), Max=(X=10.000 Y=2895.000 Z=240.000) RuntimeGrid:None EditorOnly:0 RuntimeOnly:0 HLODRelevant:0 ListedInSceneOutliner:1 IsMainWorldOnly:0
 |   |   |- [+] [  5]
 |   |   |   |- Guid:316CF2A6494ACA4C0E4180A87D36AB8F BaseClass: NativeClass:/Script/Engine.ExponentialHeightFog Name:ExponentialHeightFog_0 Label:ExponentialHeightFog SpatiallyLoaded:0 Bounds:IsValid=true, Min=(X=-5600.000 Y=-50.000 Z=-6850.000), Max=(X=-5600.000 Y=-50.000 Z=-6850.000) RuntimeGrid:None EditorOnly:0 RuntimeOnly:0 HLODRelevant:0 ListedInSceneOutliner:1 IsMainWorldOnly:0 FolderPath:Lighting FolderGuid:963EC3EB4002CCE9759E2EBA541A873A
 |   |   |- [+] [  6]
 |   |   |   |- Guid:472F3B4E4A9B386E92EDF28BF9E91F22 BaseClass:/Game/Sun_death_BPs/BP_Shade.BP_Shade_C NativeClass:/Script/Engine.Actor Name:BP_Shade_C_UAID_581122B8A8CD366402_1696190604 Label:BP_Shade7 SpatiallyLoaded:1 Bounds:IsValid=true, Min=(X=13132.500 Y=1602.500 Z=-32.000), Max=(X=13407.500 Y=1877.500 Z=441.875) RuntimeGrid:None EditorOnly:0 RuntimeOnly:0 HLODRelevant:0 ListedInSceneOutliner:1 IsMainWorldOnly:0
 |   |   |- [+] [  7]
 |   |   |   |- Guid:4D3BE93F4146AAAC8BBE79999D96D57F BaseClass: NativeClass:/Script/Engine.VolumetricCloud Name:VolumetricCloud_0 Label:VolumetricCloud SpatiallyLoaded:0 Bounds:IsValid=true, Min=(X=0.000 Y=0.000 Z=820.000), Max=(X=0.000 Y=0.000 Z=820.000) RuntimeGrid:None EditorOnly:0 RuntimeOnly:0 HLODRelevant:0 ListedInSceneOutliner:1 IsMainWorldOnly:0 FolderPath:Lighting FolderGuid:963EC3EB4002CCE9759E2EBA541A873A
 |   |   |- [+] [  8]
 |   |   |   |- Guid:55333FB94894688C2AFFB28AD39C2105 BaseClass: NativeClass:/Script/Engine.PlayerStart Name:PlayerStart_UAID_581122B8A8CDA16302_1148610382 Label:PlayerStart2 SpatiallyLoaded:0 Bounds:IsValid=true, Min=(X=40.000 Y=1680.000 Z=0.000), Max=(X=120.000 Y=1760.000 Z=184.000) RuntimeGrid:None EditorOnly:0 RuntimeOnly:0 HLODRelevant:0 ListedInSceneOutliner:1 IsMainWorldOnly:0
 |   |   |- [+] [  9]
 |   |   |   |- Guid:673B6059433FB82327F8B7A214810709 BaseClass:/Game/Sun_death_BPs/BP_Shade.BP_Shade_C NativeClass:/Script/Engine.Actor Name:BP_Shade_C_UAID_581122B8A8CD366402_1637511599 Label:BP_Shade2 SpatiallyLoaded:1 Bounds:IsValid=true, Min=(X=3072.500 Y=2142.500 Z=-32.000), Max=(X=3347.500 Y=2417.500 Z=441.875) RuntimeGrid:None EditorOnly:0 RuntimeOnly:0 HLODRelevant:0 ListedInSceneOutliner:1 IsMainWorldOnly:0
 |   |   |- [+] [ 10]
 |   |   |   |- Guid:6BAF4DDD444C60371492D3919DB42C97 BaseClass: NativeClass:/Script/Engine.WorldDataLayers Name:WorldDataLayers Label:WorldDataLayers SpatiallyLoaded:0 Bounds:IsValid=true, Min=(X=0.000 Y=0.000 Z=0.000), Max=(X=0.000 Y=0.000 Z=0.000) RuntimeGrid:None EditorOnly:0 RuntimeOnly:0 HLODRelevant:0 ListedInSceneOutliner:1 IsMainWorldOnly:1
 |   |   |- [+] [ 11]
 |   |   |   |- Guid:6C7880C64F24D4E4F871239AFE9BFC0D BaseClass:/Game/Sun_death_BPs/BP_Shade.BP_Shade_C NativeClass:/Script/Engine.Actor Name:BP_Shade_C_UAID_581122B8A8CD366402_1712178609 Label:BP_Shade12 SpatiallyLoaded:1 Bounds:IsValid=true, Min=(X=20312.500 Y=1122.500 Z=-32.000), Max=(X=20587.500 Y=1397.500 Z=441.875) RuntimeGrid:None EditorOnly:0 RuntimeOnly:0 HLODRelevant:0 ListedInSceneOutliner:1 IsMainWorldOnly:0
 |   |   |- [+] [ 12]
 |   |   |   |- Guid:7A79693F47AE69F135F7FC8A5475C6AE BaseClass:/Game/Sun_death_BPs/BP_Shade.BP_Shade_C NativeClass:/Script/Engine.Actor Name:BP_Shade_C_UAID_581122B8A8CDA66302_1508551264 Label:BP_Shade SpatiallyLoaded:1 Bounds:IsValid=true, Min=(X=872.500 Y=1322.500 Z=-32.000), Max=(X=1147.500 Y=1597.500 Z=441.875) RuntimeGrid:None EditorOnly:0 RuntimeOnly:0 HLODRelevant:0 ListedInSceneOutliner:1 IsMainWorldOnly:0
 |   |   |- [+] [ 13]
 |   |   |   |- Guid:8BE0D06D48B69131698EB395F00D8823 BaseClass:/Game/Sun_death_BPs/BP_Shade.BP_Shade_C NativeClass:/Script/Engine.Actor Name:BP_Shade_C_UAID_581122B8A8CD366402_1700423606 Label:BP_Shade9 SpatiallyLoaded:1 Bounds:IsValid=true, Min=(X=16342.500 Y=2022.500 Z=-32.000), Max=(X=16617.500 Y=2297.500 Z=441.875) RuntimeGrid:None EditorOnly:0 RuntimeOnly:0 HLODRelevant:0 ListedInSceneOutliner:1 IsMainWorldOnly:0
 |   |   |- [+] [ 14]
 |   |   |   |- Guid:AB2C6FCF450E6CAD87D3A5AB31F2C8C9 BaseClass:/Game/Sun_death_BPs/BP_PCG.BP_PCG_C NativeClass:/Script/Engine.Actor Name:BP_PCG_C_UAID_581122B8A8CDEE6302_1621265932 Label:BP_PCG SpatiallyLoaded:1 Bounds:IsValid=true, Min=(X=350.000 Y=290.000 Z=0.000), Max=(X=350.000 Y=290.000 Z=0.000) RuntimeGrid:None EditorOnly:0 RuntimeOnly:0 HLODRelevant:0 ListedInSceneOutliner:1 IsMainWorldOnly:0
 |   |   |- [+] [ 15]
 |   |   |   |- Guid:AFB8CFB04565C0D65BB63E8F5FB00B11 BaseClass:/Game/Sun_death_BPs/BP_Shade.BP_Shade_C NativeClass:/Script/Engine.Actor Name:BP_Shade_C_UAID_581122B8A8CD366402_1688547602 Label:BP_Shade5 SpatiallyLoaded:1 Bounds:IsValid=true, Min=(X=9282.500 Y=2152.500 Z=-32.000), Max=(X=9557.500 Y=2427.500 Z=441.875) RuntimeGrid:None EditorOnly:0 RuntimeOnly:0 HLODRelevant:0 ListedInSceneOutliner:1 IsMainWorldOnly:0
 |   |   |- [+] [ 16]
 |   |   |   |- Guid:B2BC304745F353D825D0E29124AE6E5D BaseClass: NativeClass:/Script/Engine.StaticMeshActor Name:StaticMeshActor_UAID_581122B8A8CD1C5B02_1402305519 Label:SM_Cube3 SpatiallyLoaded:1 Bounds:IsValid=true, Min=(X=0.000 Y=2885.000 Z=0.000), Max=(X=22500.000 Y=2985.000 Z=400.000) RuntimeGrid:None EditorOnly:0 RuntimeOnly:0 HLODRelevant:1 ListedInSceneOutliner:1 IsMainWorldOnly:0 FolderPath:Playground FolderGuid:C73F09FC4215536B1DCE2A9E0A830C70
 |   |   |- [+] [ 17]
 |   |   |   |- Guid:B785ED2844B84CFB91E7F39FE661CD99 BaseClass: NativeClass:/Script/Engine.DirectionalLight Name:DirectionalLight_0 Label:DirectionalLight SpatiallyLoaded:0 Bounds:Invalid RuntimeGrid:None EditorOnly:0 RuntimeOnly:0 HLODRelevant:0 ListedInSceneOutliner:1 IsMainWorldOnly:0 FolderPath:Lighting FolderGuid:963EC3EB4002CCE9759E2EBA541A873A
 |   |   |- [+] [ 18]
 |   |   |   |- Guid:BC08B79C4EA3C961CFF75EBBE83B367D BaseClass: NativeClass:/Script/Engine.StaticMeshActor Name:StaticMeshActor_5 Label:SM_Cube2 SpatiallyLoaded:1 Bounds:IsValid=true, Min=(X=0.000 Y=0.000 Z=0.000), Max=(X=22500.000 Y=100.000 Z=400.000) RuntimeGrid:None EditorOnly:0 RuntimeOnly:0 HLODRelevant:1 ListedInSceneOutliner:1 IsMainWorldOnly:0 FolderPath:Playground FolderGuid:C73F09FC4215536B1DCE2A9E0A830C70
 |   |   |- [+] [ 19]
 |   |   |   |- Guid:C228A094475A1450AB381D91097B14D0 BaseClass: NativeClass:/Script/Engine.PlayerStart Name:PlayerStart_UAID_581122B8A8CD9F6302_1422078029 Label:PlayerStart SpatiallyLoaded:0 Bounds:IsValid=true, Min=(X=30.000 Y=1310.000 Z=0.000), Max=(X=110.000 Y=1390.000 Z=184.000) RuntimeGrid:None EditorOnly:0 RuntimeOnly:0 HLODRelevant:0 ListedInSceneOutliner:1 IsMainWorldOnly:0
 |   |   |- [+] [ 20]
 |   |   |   |- Guid:CCFF262C46EEFFDF319E7F9539CE697E BaseClass: NativeClass:/Script/Engine.SkyAtmosphere Name:SkyAtmosphere_0 Label:SkyAtmosphere SpatiallyLoaded:0 Bounds:IsValid=true, Min=(X=0.000 Y=0.000 Z=1020.000), Max=(X=0.000 Y=0.000 Z=1020.000) RuntimeGrid:None EditorOnly:0 RuntimeOnly:0 HLODRelevant:0 ListedInSceneOutliner:1 IsMainWorldOnly:0 FolderPath:Lighting FolderGuid:963EC3EB4002CCE9759E2EBA541A873A
 |   |   |- [+] [ 21]
 |   |   |   |- Guid:D061644C4F095B8DA17382A1DA122640 BaseClass:/Game/Sun_death_BPs/BP_SunDamage.BP_SunDamage_C NativeClass:/Script/Engine.Actor Name:BP_SunDamage_C_UAID_581122B8A8CDA16302_2104762383 Label:BP_SunDamage SpatiallyLoaded:1 Bounds:IsValid=true, Min=(X=178.000 Y=98.000 Z=-32.000), Max=(X=22642.000 Y=2882.000 Z=32.000) RuntimeGrid:None EditorOnly:0 RuntimeOnly:0 HLODRelevant:0 ListedInSceneOutliner:1 IsMainWorldOnly:0
 |   |   |- [+] [ 22]
 |   |   |   |- Guid:D22ECEEE4BB3D149CB35CDA12FA3E597 BaseClass:/Game/Sun_death_BPs/BP_Shade.BP_Shade_C NativeClass:/Script/Engine.Actor Name:BP_Shade_C_UAID_581122B8A8CD366402_1679990600 Label:BP_Shade3 SpatiallyLoaded:1 Bounds:IsValid=true, Min=(X=4662.500 Y=362.500 Z=-32.000), Max=(X=4937.500 Y=637.500 Z=441.875) RuntimeGrid:None EditorOnly:0 RuntimeOnly:0 HLODRelevant:0 ListedInSceneOutliner:1 IsMainWorldOnly:0
 |   |   |- [+] [ 23]
 |   |   |   |- Guid:EC4E0C944CE6AC6E784BC6BB2916EA13 BaseClass: NativeClass:/Script/Engine.StaticMeshActor Name:StaticMeshActor_UAID_A4AE111137DC5EFB00_1110535423 Label:SM_SkySphere SpatiallyLoaded:0 Bounds:IsValid=true, Min=(X=-1638400.000 Y=-1638400.000 Z=-1638400.000), Max=(X=1638400.000 Y=1638400.000 Z=1638400.000) RuntimeGrid:None EditorOnly:0 RuntimeOnly:0 HLODRelevant:1 ListedInSceneOutliner:1 IsMainWorldOnly:0 FolderPath:Lighting FolderGuid:963EC3EB4002CCE9759E2EBA541A873A
 |   |   |- [+] [ 24]
 |   |   |   |- Guid:F1924B8D48954B30891B2DB6A694F9CC BaseClass: NativeClass:/Script/Engine.StaticMeshActor Name:StaticMeshActor_1 Label:SM_Cube SpatiallyLoaded:1 Bounds:IsValid=true, Min=(X=0.000 Y=0.000 Z=-50.000), Max=(X=22500.000 Y=2975.000 Z=0.000) RuntimeGrid:None EditorOnly:0 RuntimeOnly:0 HLODRelevant:1 ListedInSceneOutliner:1 IsMainWorldOnly:0 FolderPath:Playground FolderGuid:C73F09FC4215536B1DCE2A9E0A830C70
 |   |   |- [+] [ 25]
 |   |   |   |- Guid:F363EAEE49B6A43142F9E78EB2FD60DD BaseClass:/Game/Sun_death_BPs/BP_Shade.BP_Shade_C NativeClass:/Script/Engine.Actor Name:BP_Shade_C_UAID_581122B8A8CD366402_1685406601 Label:BP_Shade4 SpatiallyLoaded:1 Bounds:IsValid=true, Min=(X=6892.500 Y=1352.500 Z=-32.000), Max=(X=7167.500 Y=1627.500 Z=441.875) RuntimeGrid:None EditorOnly:0 RuntimeOnly:0 HLODRelevant:0 ListedInSceneOutliner:1 IsMainWorldOnly:0
 |   |   |- [+] [ 26]
 |   |   |   |- Guid:FEFFE6D54FDCE0248F03BAB2A94BCC13 BaseClass:/Game/Sun_death_BPs/BP_Shade.BP_Shade_C NativeClass:/Script/Engine.Actor Name:BP_Shade_C_UAID_581122B8A8CD366402_1709990607 Label:BP_Shade10 SpatiallyLoaded:1 Bounds:IsValid=true, Min=(X=17562.500 Y=592.500 Z=-32.000), Max=(X=17837.500 Y=867.500 Z=441.875) RuntimeGrid:None EditorOnly:0 RuntimeOnly:0 HLODRelevant:0 ListedInSceneOutliner:1 IsMainWorldOnly:0
 |- ContainerInstances:
 |- [+] MainContainer:
 |   |-        ID: 00000000000000000000000000000000
 |   |-  ParentID: 00000000000000000000000000000000
 |   |-    Bounds: IsValid=false, Min=(X=0.000 Y=0.000 Z=0.000), Max=(X=0.000 Y=0.000 Z=0.000)
 |   |- Transform: 0.000000,0.000000,0.000000|0.000000,0.000000,-0.000000|1.000000,1.000000,1.000000
 |   |- Container: /Game/ThirdPerson/Maps/ThirdPersonMap
----------------------------------------------------------------------------------------------------------------
ThirdPersonMap - Persistent Level
----------------------------------------------------------------------------------------------------------------
[+] Content of ThirdPersonMap Persistent Level
 |- Always loaded Actor Count: 27 
 |- Actor Path: /Game/ThirdPerson/Maps/ThirdPersonMap.ThirdPersonMap:PersistentLevel.BlockingVolume_UAID_581122B8A8CD1C5B02_1513309520
 |- Actor Package: /Game/__ExternalActors__/ThirdPerson/Maps/ThirdPersonMap/B/M2/10Q8IHNRIRD68FXQI63RN5
 |- Actor Path: /Game/ThirdPerson/Maps/ThirdPersonMap.ThirdPersonMap:PersistentLevel.BP_FollowCamera_C_UAID_581122B8A8CDF96302_1493392864
 |- Actor Package: /Game/__ExternalActors__/ThirdPerson/Maps/ThirdPersonMap/E/LT/798AIX3ZRI06NMD3XDVVRO
 |- Actor Path: /Game/ThirdPerson/Maps/ThirdPersonMap.ThirdPersonMap:PersistentLevel.BP_PCG_C_UAID_581122B8A8CDEE6302_1621265932
 |- Actor Package: /Game/__ExternalActors__/ThirdPerson/Maps/ThirdPersonMap/A/ZU/F3FPA11SZNMI0M388PJ63C
 |- Actor Path: /Game/ThirdPerson/Maps/ThirdPersonMap.ThirdPersonMap:PersistentLevel.BP_Shade_C_UAID_581122B8A8CD366402_1637511599
 |- Actor Package: /Game/__ExternalActors__/ThirdPerson/Maps/ThirdPersonMap/F/2G/QOVVRELKE2IZ3UKFK9KYCU
 |- Actor Path: /Game/ThirdPerson/Maps/ThirdPersonMap.ThirdPersonMap:PersistentLevel.BP_Shade_C_UAID_581122B8A8CD366402_1679990600
 |- Actor Package: /Game/__ExternalActors__/ThirdPerson/Maps/ThirdPersonMap/5/VH/27QVPXUITTC4DQ676BKWEB
 |- Actor Path: /Game/ThirdPerson/Maps/ThirdPersonMap.ThirdPersonMap:PersistentLevel.BP_Shade_C_UAID_581122B8A8CD366402_1685406601
 |- Actor Package: /Game/__ExternalActors__/ThirdPerson/Maps/ThirdPersonMap/C/UU/XHY9B4M59GENQJO0L63524
 |- Actor Path: /Game/ThirdPerson/Maps/ThirdPersonMap.ThirdPersonMap:PersistentLevel.BP_Shade_C_UAID_581122B8A8CD366402_1688547602
 |- Actor Package: /Game/__ExternalActors__/ThirdPerson/Maps/ThirdPersonMap/A/68/KV76TBRF4PX572OJC556K3
 |- Actor Path: /Game/ThirdPerson/Maps/ThirdPersonMap.ThirdPersonMap:PersistentLevel.BP_Shade_C_UAID_581122B8A8CD366402_1694728603
 |- Actor Package: /Game/__ExternalActors__/ThirdPerson/Maps/ThirdPersonMap/5/3P/NBB644259LIQJMJAMPD2T0
 |- Actor Path: /Game/ThirdPerson/Maps/ThirdPersonMap.ThirdPersonMap:PersistentLevel.BP_Shade_C_UAID_581122B8A8CD366402_1696190604
 |- Actor Package: /Game/__ExternalActors__/ThirdPerson/Maps/ThirdPersonMap/7/2S/99Z6PQEWCSO0YBUMT2W1D9
 |- Actor Path: /Game/ThirdPerson/Maps/ThirdPersonMap.ThirdPersonMap:PersistentLevel.BP_Shade_C_UAID_581122B8A8CD366402_1698839605
 |- Actor Package: /Game/__ExternalActors__/ThirdPerson/Maps/ThirdPersonMap/A/O0/LQOD1AF6470RHKENTI5JHJ
 |- Actor Path: /Game/ThirdPerson/Maps/ThirdPersonMap.ThirdPersonMap:PersistentLevel.BP_Shade_C_UAID_581122B8A8CD366402_1700423606
 |- Actor Package: /Game/__ExternalActors__/ThirdPerson/Maps/ThirdPersonMap/D/8P/HHJY3PEQ2VNH8NNZH3DUFZ
 |- Actor Path: /Game/ThirdPerson/Maps/ThirdPersonMap.ThirdPersonMap:PersistentLevel.BP_Shade_C_UAID_581122B8A8CD366402_1709990607
 |- Actor Package: /Game/__ExternalActors__/ThirdPerson/Maps/ThirdPersonMap/9/88/N9V2D51UJKD4S99GQETOGD
 |- Actor Path: /Game/ThirdPerson/Maps/ThirdPersonMap.ThirdPersonMap:PersistentLevel.BP_Shade_C_UAID_581122B8A8CD366402_1711024608
 |- Actor Package: /Game/__ExternalActors__/ThirdPerson/Maps/ThirdPersonMap/1/WF/DLELKZCO2113RNK9MC7EC1
 |- Actor Path: /Game/ThirdPerson/Maps/ThirdPersonMap.ThirdPersonMap:PersistentLevel.BP_Shade_C_UAID_581122B8A8CD366402_1712178609
 |- Actor Package: /Game/__ExternalActors__/ThirdPerson/Maps/ThirdPersonMap/1/NV/GMVMOVE7QKP5TSTO3VCTWZ
 |- Actor Path: /Game/ThirdPerson/Maps/ThirdPersonMap.ThirdPersonMap:PersistentLevel.BP_Shade_C_UAID_581122B8A8CDA66302_1508551264
 |- Actor Package: /Game/__ExternalActors__/ThirdPerson/Maps/ThirdPersonMap/A/AU/RXTGYU6IX53WP063IC8J0J
 |- Actor Path: /Game/ThirdPerson/Maps/ThirdPersonMap.ThirdPersonMap:PersistentLevel.BP_SunDamage_C_UAID_581122B8A8CDA16302_2104762383
 |- Actor Package: /Game/__ExternalActors__/ThirdPerson/Maps/ThirdPersonMap/2/8M/06V7VG7MG117EDB9189LGR
 |- Actor Path: /Game/ThirdPerson/Maps/ThirdPersonMap.ThirdPersonMap:PersistentLevel.DirectionalLight_0
 |- Actor Package: /Game/__ExternalActors__/ThirdPerson/Maps/ThirdPersonMap/5/R1/TS5OQ5CRUWFZYL1ZQ7I416
 |- Actor Path: /Game/ThirdPerson/Maps/ThirdPersonMap.ThirdPersonMap:PersistentLevel.ExponentialHeightFog_0
 |- Actor Package: /Game/__ExternalActors__/ThirdPerson/Maps/ThirdPersonMap/6/J7/N10XDC9G27EMLS5AGZ6AVV
 |- Actor Path: /Game/ThirdPerson/Maps/ThirdPersonMap.ThirdPersonMap:PersistentLevel.PlayerStart_UAID_581122B8A8CD9F6302_1422078029
 |- Actor Package: /Game/__ExternalActors__/ThirdPerson/Maps/ThirdPersonMap/3/DX/SNUBZVDUW9Y1RYL3VI1EYN
 |- Actor Path: /Game/ThirdPerson/Maps/ThirdPersonMap.ThirdPersonMap:PersistentLevel.PlayerStart_UAID_581122B8A8CDA16302_1148610382
 |- Actor Package: /Game/__ExternalActors__/ThirdPerson/Maps/ThirdPersonMap/A/Y1/0NKAUXKTKAK220N6M3CWFM
 |- Actor Path: /Game/ThirdPerson/Maps/ThirdPersonMap.ThirdPersonMap:PersistentLevel.SkyAtmosphere_0
 |- Actor Package: /Game/__ExternalActors__/ThirdPerson/Maps/ThirdPersonMap/4/LN/30UBDLYFFA5ZR7U4W4L4GG
 |- Actor Path: /Game/ThirdPerson/Maps/ThirdPersonMap.ThirdPersonMap:PersistentLevel.StaticMeshActor_1
 |- Actor Package: /Game/__ExternalActors__/ThirdPerson/Maps/ThirdPersonMap/6/YO/NG2R9BPZVA7ZDN0Z4VSTG6
 |- Actor Path: /Game/ThirdPerson/Maps/ThirdPersonMap.ThirdPersonMap:PersistentLevel.StaticMeshActor_5
 |- Actor Package: /Game/__ExternalActors__/ThirdPerson/Maps/ThirdPersonMap/C/QF/BY1DA5CRGQSAMOTK8RA8KR
 |- Actor Path: /Game/ThirdPerson/Maps/ThirdPersonMap.ThirdPersonMap:PersistentLevel.StaticMeshActor_UAID_581122B8A8CD1C5B02_1402305519
 |- Actor Package: /Game/__ExternalActors__/ThirdPerson/Maps/ThirdPersonMap/7/2Z/CWUJ81AV26OPKB6KEK7PIO
 |- Actor Path: /Game/ThirdPerson/Maps/ThirdPersonMap.ThirdPersonMap:PersistentLevel.StaticMeshActor_UAID_A4AE111137DC5EFB00_1110535423
 |- Actor Package: /Game/__ExternalActors__/ThirdPerson/Maps/ThirdPersonMap/4/PN/2QISIGK5DJNQ05US8O8FXW
 |- Actor Path: /Game/ThirdPerson/Maps/ThirdPersonMap.ThirdPersonMap:PersistentLevel.VolumetricCloud_0
 |- Actor Package: /Game/__ExternalActors__/ThirdPerson/Maps/ThirdPersonMap/3/EY/87SHEJN5UBEAN2K5OV1G6R
 |- Actor Path: /Game/ThirdPerson/Maps/ThirdPersonMap.ThirdPersonMap:PersistentLevel.WorldDataLayers
 |- Actor Package: /Game/__ExternalActors__/ThirdPerson/Maps/ThirdPersonMap/0/43/HYQWORMY4JDQ5X3OKZXFLC

----------------------------------------------------------------------------------------------------------------
ThirdPersonMap - Runtime Hash Set
----------------------------------------------------------------------------------------------------------------

