[+] Containers:
 |- [+] Container: /Game/ThirdPerson/Maps/ThirdPersonMap
 |   |- [+] ActorDescs:
 |   |   |- Guid:088EF6244C1809182221CB9CC68242A5 BaseClass:/Game/Sun_death_BPs/BP_Shade.BP_Shade_C NativeClass:/Script/Engine.Actor Name:BP_Shade_C_UAID_581122B8A8CD396402_1162393154 Label:BP_Shade29 SpatiallyLoaded:1 Bounds:IsValid=true, Min=(X=21602.500 Y=492.500 Z=-4492.000), Max=(X=21877.500 Y=767.500 Z=-4018.125) RuntimeGrid:None EditorOnly:0 RuntimeOnly:0 HLODRelevant:0 ListedInSceneOutliner:1 IsMainWorldOnly:0
 |   |   |- Guid:126BA7654B8449382FBB6DAEAA3ED4A6 BaseClass:/Game/Sun_death_BPs/BP_Shade.BP_Shade_C NativeClass:/Script/Engine.Actor Name:BP_Shade_C_UAID_581122B8A8CD366402_1698839605 Label:BP_Shade8 SpatiallyLoaded:1 Bounds:IsValid=true, Min=(X=14542.500 Y=492.500 Z=-4492.000), Max=(X=14817.500 Y=767.500 Z=-4018.125) RuntimeGrid:None EditorOnly:0 RuntimeOnly:0 HLODRelevant:0 ListedInSceneOutliner:1 IsMainWorldOnly:0
 |   |   |- Guid:1501CAB7472D7DFA43E60181EF1888FF BaseClass:/Game/Sun_death_BPs/BP_Shade.BP_Shade_C NativeClass:/Script/Engine.Actor Name:BP_Shade_C_UAID_581122B8A8CD366402_1711024608 Label:BP_Shade11 SpatiallyLoaded:1 Bounds:IsValid=true, Min=(X=18812.500 Y=1742.500 Z=-4492.000), Max=(X=19087.500 Y=2017.500 Z=-4018.125) RuntimeGrid:None EditorOnly:0 RuntimeOnly:0 HLODRelevant:0 ListedInSceneOutliner:1 IsMainWorldOnly:0
 |   |   |- Guid:17F9D6414EBD2F9FFDE3CB8B40C64C56 BaseClass:/Game/Sun_death_BPs/BP_Shade.BP_Shade_C NativeClass:/Script/Engine.Actor Name:BP_Shade_C_UAID_581122B8A8CD396402_1121264140 Label:BP_Shade15 SpatiallyLoaded:1 Bounds:IsValid=true, Min=(X=5422.500 Y=2432.500 Z=-4492.000), Max=(X=5697.500 Y=2707.500 Z=-4018.125) RuntimeGrid:None EditorOnly:0 RuntimeOnly:0 HLODRelevant:0 ListedInSceneOutliner:1 IsMainWorldOnly:0
 |   |   |- Guid:1B242C7F43A67E8C8E7309BBC0436513 BaseClass:/Game/ThirdPerson/Blueprints/BP_FollowCamera.BP_FollowCamera_C NativeClass:/Script/Engine.Actor Name:BP_FollowCamera_C_UAID_581122B8A8CDF96302_1493392864 Label:BP_FollowCamera SpatiallyLoaded:1 Bounds:IsValid=true, Min=(X=90.000 Y=1460.000 Z=-4470.000), Max=(X=90.000 Y=1460.000 Z=-4470.000) RuntimeGrid:None EditorOnly:0 RuntimeOnly:0 HLODRelevant:0 ListedInSceneOutliner:1 IsMainWorldOnly:0
 |   |   |- Guid:2155CAD7475AEE1A4E475188A11DCA07 BaseClass:/Game/Sun_death_BPs/BP_Shade.BP_Shade_C NativeClass:/Script/Engine.Actor Name:BP_Shade_C_UAID_581122B8A8CD366402_1694728603 Label:BP_Shade6 SpatiallyLoaded:1 Bounds:IsValid=true, Min=(X=10242.500 Y=602.500 Z=-4492.000), Max=(X=10517.500 Y=877.500 Z=-4018.125) RuntimeGrid:None EditorOnly:0 RuntimeOnly:0 HLODRelevant:0 ListedInSceneOutliner:1 IsMainWorldOnly:0
 |   |   |- Guid:23504E554C9C35256FCAD49D09B1324F BaseClass:/Game/Sun_death_BPs/BP_Shade.BP_Shade_C NativeClass:/Script/Engine.Actor Name:BP_Shade_C_UAID_581122B8A8CD396402_1150518151 Label:BP_Shade26 SpatiallyLoaded:1 Bounds:IsValid=true, Min=(X=17202.500 Y=1842.500 Z=-4492.000), Max=(X=17477.500 Y=2117.500 Z=-4018.125) RuntimeGrid:None EditorOnly:0 RuntimeOnly:0 HLODRelevant:0 ListedInSceneOutliner:1 IsMainWorldOnly:0
 |   |   |- Guid:2485728C4DBEE290F8F2FE90D829CA60 BaseClass: NativeClass:/Script/Engine.BlockingVolume Name:BlockingVolume_UAID_581122B8A8CD1C5B02_1513309520 Label:BlockingVolume SpatiallyLoaded:1 Bounds:IsValid=true, Min=(X=-830.000 Y=45.000 Z=-4530.000), Max=(X=-630.000 Y=2895.000 Z=-4330.000) RuntimeGrid:None EditorOnly:0 RuntimeOnly:0 HLODRelevant:0 ListedInSceneOutliner:1 IsMainWorldOnly:0
 |   |   |- Guid:316CF2A6494ACA4C0E4180A87D36AB8F BaseClass: NativeClass:/Script/Engine.ExponentialHeightFog Name:ExponentialHeightFog_0 Label:ExponentialHeightFog SpatiallyLoaded:0 Bounds:IsValid=true, Min=(X=-5600.000 Y=-50.000 Z=-6850.000), Max=(X=-5600.000 Y=-50.000 Z=-6850.000) RuntimeGrid:None EditorOnly:0 RuntimeOnly:0 HLODRelevant:0 ListedInSceneOutliner:1 IsMainWorldOnly:0 FolderPath:Lighting FolderGuid:963EC3EB4002CCE9759E2EBA541A873A
 |   |   |- Guid:40D41BCB47AD406F5F266594B6C0C16C BaseClass:/Game/Sun_death_BPs/BP_Shade.BP_Shade_C NativeClass:/Script/Engine.Actor Name:BP_Shade_C_UAID_581122B8A8CD396402_1148144150 Label:BP_Shade25 SpatiallyLoaded:1 Bounds:IsValid=true, Min=(X=15762.500 Y=1132.500 Z=-4492.000), Max=(X=16037.500 Y=1407.500 Z=-4018.125) RuntimeGrid:None EditorOnly:0 RuntimeOnly:0 HLODRelevant:0 ListedInSceneOutliner:1 IsMainWorldOnly:0
 |   |   |- Guid:472F3B4E4A9B386E92EDF28BF9E91F22 BaseClass:/Game/Sun_death_BPs/BP_Shade.BP_Shade_C NativeClass:/Script/Engine.Actor Name:BP_Shade_C_UAID_581122B8A8CD366402_1696190604 Label:BP_Shade7 SpatiallyLoaded:1 Bounds:IsValid=true, Min=(X=13132.500 Y=1602.500 Z=-4492.000), Max=(X=13407.500 Y=1877.500 Z=-4018.125) RuntimeGrid:None EditorOnly:0 RuntimeOnly:0 HLODRelevant:0 ListedInSceneOutliner:1 IsMainWorldOnly:0
 |   |   |- Guid:4D3BE93F4146AAAC8BBE79999D96D57F BaseClass: NativeClass:/Script/Engine.VolumetricCloud Name:VolumetricCloud_0 Label:VolumetricCloud SpatiallyLoaded:0 Bounds:IsValid=true, Min=(X=0.000 Y=0.000 Z=820.000), Max=(X=0.000 Y=0.000 Z=820.000) RuntimeGrid:None EditorOnly:0 RuntimeOnly:0 HLODRelevant:0 ListedInSceneOutliner:1 IsMainWorldOnly:0 FolderPath:Lighting FolderGuid:963EC3EB4002CCE9759E2EBA541A873A
 |   |   |- Guid:584E9A1E4D5458BC1E57198331570964 BaseClass:/Game/Sun_death_BPs/BP_Shade.BP_Shade_C NativeClass:/Script/Engine.Actor Name:BP_Shade_C_UAID_581122B8A8CD396402_1140406146 Label:BP_Shade21 SpatiallyLoaded:1 Bounds:IsValid=true, Min=(X=11332.500 Y=772.500 Z=-4492.000), Max=(X=11607.500 Y=1047.500 Z=-4018.125) RuntimeGrid:None EditorOnly:0 RuntimeOnly:0 HLODRelevant:0 ListedInSceneOutliner:1 IsMainWorldOnly:0
 |   |   |- Guid:600944054EA8A1B31578B9905741FCE6 BaseClass:/Game/Sun_death_BPs/BP_Shade.BP_Shade_C NativeClass:/Script/Engine.Actor Name:BP_Shade_C_UAID_581122B8A8CD396402_1131793144 Label:BP_Shade19 SpatiallyLoaded:1 Bounds:IsValid=true, Min=(X=8432.500 Y=1432.500 Z=-4492.000), Max=(X=8707.500 Y=1707.500 Z=-4018.125) RuntimeGrid:None EditorOnly:0 RuntimeOnly:0 HLODRelevant:0 ListedInSceneOutliner:1 IsMainWorldOnly:0
 |   |   |- Guid:65CB953242A3FBB5F05F9D92EC50F561 BaseClass:/Game/Sun_death_BPs/BP_Shade.BP_Shade_C NativeClass:/Script/Engine.Actor Name:BP_Shade_C_UAID_581122B8A8CD396402_1177567157 Label:BP_Shade32 SpatiallyLoaded:1 Bounds:IsValid=true, Min=(X=4482.500 Y=1882.500 Z=-4492.000), Max=(X=4757.500 Y=2157.500 Z=-4018.125) RuntimeGrid:None EditorOnly:0 RuntimeOnly:0 HLODRelevant:0 ListedInSceneOutliner:1 IsMainWorldOnly:0
 |   |   |- Guid:673B6059433FB82327F8B7A214810709 BaseClass:/Game/Sun_death_BPs/BP_Shade.BP_Shade_C NativeClass:/Script/Engine.Actor Name:BP_Shade_C_UAID_581122B8A8CD366402_1637511599 Label:BP_Shade2 SpatiallyLoaded:1 Bounds:IsValid=true, Min=(X=3072.500 Y=2142.500 Z=-4492.000), Max=(X=3347.500 Y=2417.500 Z=-4018.125) RuntimeGrid:None EditorOnly:0 RuntimeOnly:0 HLODRelevant:0 ListedInSceneOutliner:1 IsMainWorldOnly:0
 |   |   |- Guid:68A385EA4F31BC690ADC7E86211F4505 BaseClass:/Game/ThirdPerson/Blueprints/BP_FinishLine.BP_FinishLine_C NativeClass:/Script/Engine.Actor Name:BP_FinishLine_C_UAID_581122B8A8CD396402_1360468158 Label:BP_FinishLine SpatiallyLoaded:1 Bounds:IsValid=true, Min=(X=22468.000 Y=-0.000 Z=-4512.000), Max=(X=22532.000 Y=3040.000 Z=-4448.000) RuntimeGrid:None EditorOnly:0 RuntimeOnly:0 HLODRelevant:0 ListedInSceneOutliner:1 IsMainWorldOnly:0
 |   |   |- Guid:6BAF4DDD444C60371492D3919DB42C97 BaseClass: NativeClass:/Script/Engine.WorldDataLayers Name:WorldDataLayers Label:WorldDataLayers SpatiallyLoaded:0 Bounds:IsValid=true, Min=(X=0.000 Y=0.000 Z=0.000), Max=(X=0.000 Y=0.000 Z=0.000) RuntimeGrid:None EditorOnly:0 RuntimeOnly:0 HLODRelevant:0 ListedInSceneOutliner:1 IsMainWorldOnly:1
 |   |   |- Guid:6C7880C64F24D4E4F871239AFE9BFC0D BaseClass:/Game/Sun_death_BPs/BP_Shade.BP_Shade_C NativeClass:/Script/Engine.Actor Name:BP_Shade_C_UAID_581122B8A8CD366402_1712178609 Label:BP_Shade12 SpatiallyLoaded:1 Bounds:IsValid=true, Min=(X=20312.500 Y=1122.500 Z=-4492.000), Max=(X=20587.500 Y=1397.500 Z=-4018.125) RuntimeGrid:None EditorOnly:0 RuntimeOnly:0 HLODRelevant:0 ListedInSceneOutliner:1 IsMainWorldOnly:0
 |   |   |- Guid:70A189234D334801F66DF093C3557D03 BaseClass: NativeClass:/Script/Landscape.Landscape Name:Landscape_UAID_581122B8A8CD7C6B02_1985030312 Label:Landscape SpatiallyLoaded:0 Bounds:IsValid=true, Min=(X=-1180.000 Y=-1770.000 Z=100.000), Max=(X=-1180.000 Y=-1770.000 Z=100.000) RuntimeGrid:None EditorOnly:0 RuntimeOnly:0 HLODRelevant:0 ListedInSceneOutliner:1 IsMainWorldOnly:0
 |   |   |- Guid:7A79693F47AE69F135F7FC8A5475C6AE BaseClass:/Game/Sun_death_BPs/BP_Shade.BP_Shade_C NativeClass:/Script/Engine.Actor Name:BP_Shade_C_UAID_581122B8A8CDA66302_1508551264 Label:BP_Shade SpatiallyLoaded:1 Bounds:IsValid=true, Min=(X=872.500 Y=1322.500 Z=-4492.000), Max=(X=1147.500 Y=1597.500 Z=-4018.125) RuntimeGrid:None EditorOnly:0 RuntimeOnly:0 HLODRelevant:0 ListedInSceneOutliner:1 IsMainWorldOnly:0
 |   |   |- Guid:7E195D75432F1E806BA4A89874840676 BaseClass:/Game/Sun_death_BPs/BP_Shade.BP_Shade_C NativeClass:/Script/Engine.Actor Name:BP_Shade_C_UAID_581122B8A8CD396402_1126376142 Label:BP_Shade17 SpatiallyLoaded:1 Bounds:IsValid=true, Min=(X=7992.500 Y=392.500 Z=-4492.000), Max=(X=8267.500 Y=667.500 Z=-4018.125) RuntimeGrid:None EditorOnly:0 RuntimeOnly:0 HLODRelevant:0 ListedInSceneOutliner:1 IsMainWorldOnly:0
 |   |   |- Guid:8A7818C24600223C1CBB89BCD0B5ADF9 BaseClass:/Game/Sun_death_BPs/BP_Shade.BP_Shade_C NativeClass:/Script/Engine.Actor Name:BP_Shade_C_UAID_581122B8A8CD386402_2122787962 Label:BP_Shade13 SpatiallyLoaded:1 Bounds:IsValid=true, Min=(X=2252.500 Y=442.500 Z=-4492.000), Max=(X=2527.500 Y=717.500 Z=-4018.125) RuntimeGrid:None EditorOnly:0 RuntimeOnly:0 HLODRelevant:0 ListedInSceneOutliner:1 IsMainWorldOnly:0
 |   |   |- Guid:8BE0D06D48B69131698EB395F00D8823 BaseClass:/Game/Sun_death_BPs/BP_Shade.BP_Shade_C NativeClass:/Script/Engine.Actor Name:BP_Shade_C_UAID_581122B8A8CD366402_1700423606 Label:BP_Shade9 SpatiallyLoaded:1 Bounds:IsValid=true, Min=(X=16342.500 Y=2022.500 Z=-4492.000), Max=(X=16617.500 Y=2297.500 Z=-4018.125) RuntimeGrid:None EditorOnly:0 RuntimeOnly:0 HLODRelevant:0 ListedInSceneOutliner:1 IsMainWorldOnly:0
 |   |   |- Guid:8F795CBF46B1FBC3277336B46DD25E40 BaseClass:/Game/Sun_death_BPs/BP_Shade.BP_Shade_C NativeClass:/Script/Engine.Actor Name:BP_Shade_C_UAID_581122B8A8CD396402_1123260141 Label:BP_Shade16 SpatiallyLoaded:1 Bounds:IsValid=true, Min=(X=5692.500 Y=1252.500 Z=-4492.000), Max=(X=5967.500 Y=1527.500 Z=-4018.125) RuntimeGrid:None EditorOnly:0 RuntimeOnly:0 HLODRelevant:0 ListedInSceneOutliner:1 IsMainWorldOnly:0
 |   |   |- Guid:9213739D4929B6B428BAE3998AB08216 BaseClass: NativeClass:/Script/Landscape.LandscapeStreamingProxy Name:LandscapeStreamingProxy_9PU0SUA0NZYY8EJHC4LUQQLTZ_63_2_0_0 Label:LandscapeStreamingProxy_2_0_0 SpatiallyLoaded:1 Bounds:IsValid=true, Min=(X=11420.000 Y=-1770.000 Z=-4471.094), Max=(X=17720.000 Y=4530.000 Z=100.000) RuntimeGrid:None EditorOnly:0 RuntimeOnly:0 HLODRelevant:1 ListedInSceneOutliner:1 IsMainWorldOnly:0
 |   |   |- Guid:92FDA2144B43390FFF17F5A80F9E72DF BaseClass: NativeClass:/Script/Engine.PlayerStart Name:PlayerStart_UAID_581122B8A8CD7F6B02_1519817841 Label:PlayerStart SpatiallyLoaded:0 Bounds:IsValid=true, Min=(X=40.000 Y=1240.000 Z=-4470.000), Max=(X=120.000 Y=1320.000 Z=-4286.000) RuntimeGrid:None EditorOnly:0 RuntimeOnly:0 HLODRelevant:0 ListedInSceneOutliner:1 IsMainWorldOnly:0
 |   |   |- Guid:95B5E5EB410865F6F347368C3DDC002D BaseClass:/Game/Sun_death_BPs/BP_Shade.BP_Shade_C NativeClass:/Script/Engine.Actor Name:BP_Shade_C_UAID_581122B8A8CD396402_1173369155 Label:BP_Shade30 SpatiallyLoaded:1 Bounds:IsValid=true, Min=(X=1832.500 Y=2082.500 Z=-4492.000), Max=(X=2107.500 Y=2357.500 Z=-4018.125) RuntimeGrid:None EditorOnly:0 RuntimeOnly:0 HLODRelevant:0 ListedInSceneOutliner:1 IsMainWorldOnly:0
 |   |   |- Guid:AB2C6FCF450E6CAD87D3A5AB31F2C8C9 BaseClass:/Game/Sun_death_BPs/BP_PCG.BP_PCG_C NativeClass:/Script/Engine.Actor Name:BP_PCG_C_UAID_581122B8A8CDEE6302_1621265932 Label:BP_PCG SpatiallyLoaded:1 Bounds:IsValid=true, Min=(X=350.000 Y=290.000 Z=-4480.000), Max=(X=350.000 Y=290.000 Z=-4480.000) RuntimeGrid:None EditorOnly:0 RuntimeOnly:0 HLODRelevant:0 ListedInSceneOutliner:1 IsMainWorldOnly:0
 |   |   |- Guid:AFB8CFB04565C0D65BB63E8F5FB00B11 BaseClass:/Game/Sun_death_BPs/BP_Shade.BP_Shade_C NativeClass:/Script/Engine.Actor Name:BP_Shade_C_UAID_581122B8A8CD366402_1688547602 Label:BP_Shade5 SpatiallyLoaded:1 Bounds:IsValid=true, Min=(X=9282.500 Y=2152.500 Z=-4492.000), Max=(X=9557.500 Y=2427.500 Z=-4018.125) RuntimeGrid:None EditorOnly:0 RuntimeOnly:0 HLODRelevant:0 ListedInSceneOutliner:1 IsMainWorldOnly:0
 |   |   |- Guid:B0F3FFFC46A2BF3E6D19449A939E3045 BaseClass:/Game/Sun_death_BPs/BP_Shade.BP_Shade_C NativeClass:/Script/Engine.Actor Name:BP_Shade_C_UAID_581122B8A8CD396402_1142423147 Label:BP_Shade22 SpatiallyLoaded:1 Bounds:IsValid=true, Min=(X=11772.500 Y=1892.500 Z=-4492.000), Max=(X=12047.500 Y=2167.500 Z=-4018.125) RuntimeGrid:None EditorOnly:0 RuntimeOnly:0 HLODRelevant:0 ListedInSceneOutliner:1 IsMainWorldOnly:0
 |   |   |- Guid:B3CB46404C1C80896270D1829C543890 BaseClass:/Game/Sun_death_BPs/BP_Shade.BP_Shade_C NativeClass:/Script/Engine.Actor Name:BP_Shade_C_UAID_581122B8A8CD396402_1138699145 Label:BP_Shade20 SpatiallyLoaded:1 Bounds:IsValid=true, Min=(X=10582.500 Y=2202.500 Z=-4492.000), Max=(X=10857.500 Y=2477.500 Z=-4018.125) RuntimeGrid:None EditorOnly:0 RuntimeOnly:0 HLODRelevant:0 ListedInSceneOutliner:1 IsMainWorldOnly:0
 |   |   |- Guid:B785ED2844B84CFB91E7F39FE661CD99 BaseClass: NativeClass:/Script/Engine.DirectionalLight Name:DirectionalLight_0 Label:DirectionalLight SpatiallyLoaded:0 Bounds:Invalid RuntimeGrid:None EditorOnly:0 RuntimeOnly:0 HLODRelevant:0 ListedInSceneOutliner:1 IsMainWorldOnly:0 FolderPath:Lighting FolderGuid:963EC3EB4002CCE9759E2EBA541A873A
 |   |   |- Guid:C22219B042B406A566AAA3BE57E633BD BaseClass:/Game/Sun_death_BPs/BP_Shade.BP_Shade_C NativeClass:/Script/Engine.Actor Name:BP_Shade_C_UAID_581122B8A8CD396402_1146408149 Label:BP_Shade24 SpatiallyLoaded:1 Bounds:IsValid=true, Min=(X=14292.500 Y=2182.500 Z=-4492.000), Max=(X=14567.500 Y=2457.500 Z=-4018.125) RuntimeGrid:None EditorOnly:0 RuntimeOnly:0 HLODRelevant:0 ListedInSceneOutliner:1 IsMainWorldOnly:0
 |   |   |- Guid:C38F230B43807A827E208985FD63F8AD BaseClass:/Game/Sun_death_BPs/BP_Shade.BP_Shade_C NativeClass:/Script/Engine.Actor Name:BP_Shade_C_UAID_581122B8A8CD396402_1143664148 Label:BP_Shade23 SpatiallyLoaded:1 Bounds:IsValid=true, Min=(X=12842.500 Y=532.500 Z=-4492.000), Max=(X=13117.500 Y=807.500 Z=-4018.125) RuntimeGrid:None EditorOnly:0 RuntimeOnly:0 HLODRelevant:0 ListedInSceneOutliner:1 IsMainWorldOnly:0
 |   |   |- Guid:C607F80A4D2BD8F27DD43D99A4BA0F62 BaseClass:/Game/Sun_death_BPs/BP_Shade.BP_Shade_C NativeClass:/Script/Engine.Actor Name:BP_Shade_C_UAID_581122B8A8CD396402_1175739156 Label:BP_Shade31 SpatiallyLoaded:1 Bounds:IsValid=true, Min=(X=902.500 Y=382.500 Z=-4492.000), Max=(X=1177.500 Y=657.500 Z=-4018.125) RuntimeGrid:None EditorOnly:0 RuntimeOnly:0 HLODRelevant:0 ListedInSceneOutliner:1 IsMainWorldOnly:0
 |   |   |- Guid:CBB0E1F94A3F52F7C0EBC6B15678B40C BaseClass: NativeClass:/Script/Landscape.LandscapeStreamingProxy Name:LandscapeStreamingProxy_9PU0SUA0NZYY8EJHC4LUQQLTZ_63_3_0_0 Label:LandscapeStreamingProxy_3_0_0 SpatiallyLoaded:1 Bounds:IsValid=true, Min=(X=17720.000 Y=-1770.000 Z=-4471.094), Max=(X=24020.000 Y=4530.000 Z=100.000) RuntimeGrid:None EditorOnly:0 RuntimeOnly:0 HLODRelevant:1 ListedInSceneOutliner:1 IsMainWorldOnly:0
 |   |   |- Guid:CCFF262C46EEFFDF319E7F9539CE697E BaseClass: NativeClass:/Script/Engine.SkyAtmosphere Name:SkyAtmosphere_0 Label:SkyAtmosphere SpatiallyLoaded:0 Bounds:IsValid=true, Min=(X=0.000 Y=0.000 Z=1020.000), Max=(X=0.000 Y=0.000 Z=1020.000) RuntimeGrid:None EditorOnly:0 RuntimeOnly:0 HLODRelevant:0 ListedInSceneOutliner:1 IsMainWorldOnly:0 FolderPath:Lighting FolderGuid:963EC3EB4002CCE9759E2EBA541A873A
 |   |   |- Guid:D061644C4F095B8DA17382A1DA122640 BaseClass:/Game/Sun_death_BPs/BP_SunDamage.BP_SunDamage_C NativeClass:/Script/Engine.Actor Name:BP_SunDamage_C_UAID_581122B8A8CDA16302_2104762383 Label:BP_SunDamage SpatiallyLoaded:1 Bounds:IsValid=true, Min=(X=178.000 Y=98.000 Z=-4512.000), Max=(X=22642.000 Y=2882.000 Z=-4448.000) RuntimeGrid:None EditorOnly:0 RuntimeOnly:0 HLODRelevant:0 ListedInSceneOutliner:1 IsMainWorldOnly:0
 |   |   |- Guid:D0D4E0EA4F496F53D029D99B00A0433F BaseClass:/Game/Sun_death_BPs/BP_Shade.BP_Shade_C NativeClass:/Script/Engine.Actor Name:BP_Shade_C_UAID_581122B8A8CD396402_1128180143 Label:BP_Shade18 SpatiallyLoaded:1 Bounds:IsValid=true, Min=(X=7162.500 Y=2372.500 Z=-4492.000), Max=(X=7437.500 Y=2647.500 Z=-4018.125) RuntimeGrid:None EditorOnly:0 RuntimeOnly:0 HLODRelevant:0 ListedInSceneOutliner:1 IsMainWorldOnly:0
 |   |   |- Guid:D22ECEEE4BB3D149CB35CDA12FA3E597 BaseClass:/Game/Sun_death_BPs/BP_Shade.BP_Shade_C NativeClass:/Script/Engine.Actor Name:BP_Shade_C_UAID_581122B8A8CD366402_1679990600 Label:BP_Shade3 SpatiallyLoaded:1 Bounds:IsValid=true, Min=(X=4662.500 Y=362.500 Z=-4492.000), Max=(X=4937.500 Y=637.500 Z=-4018.125) RuntimeGrid:None EditorOnly:0 RuntimeOnly:0 HLODRelevant:0 ListedInSceneOutliner:1 IsMainWorldOnly:0
 |   |   |- Guid:D93BA4BE4B964BE4DAE2FF8C8B8F34D3 BaseClass:/Game/Sun_death_BPs/BP_Shade.BP_Shade_C NativeClass:/Script/Engine.Actor Name:BP_Shade_C_UAID_581122B8A8CD396402_1158263152 Label:BP_Shade27 SpatiallyLoaded:1 Bounds:IsValid=true, Min=(X=19042.500 Y=662.500 Z=-4492.000), Max=(X=19317.500 Y=937.500 Z=-4018.125) RuntimeGrid:None EditorOnly:0 RuntimeOnly:0 HLODRelevant:0 ListedInSceneOutliner:1 IsMainWorldOnly:0
 |   |   |- Guid:DECEDE224F9C0D8050DAC587D949B403 BaseClass: NativeClass:/Script/Landscape.LandscapeStreamingProxy Name:LandscapeStreamingProxy_9PU0SUA0NZYY8EJHC4LUQQLTZ_63_1_0_0 Label:LandscapeStreamingProxy_1_0_0 SpatiallyLoaded:1 Bounds:IsValid=true, Min=(X=5120.000 Y=-1770.000 Z=-4471.875), Max=(X=11420.000 Y=4530.000 Z=100.000) RuntimeGrid:None EditorOnly:0 RuntimeOnly:0 HLODRelevant:1 ListedInSceneOutliner:1 IsMainWorldOnly:0
 |   |   |- Guid:EA165E3541E75E68981FE793662D11A9 BaseClass:/Game/Sun_death_BPs/BP_Shade.BP_Shade_C NativeClass:/Script/Engine.Actor Name:BP_Shade_C_UAID_581122B8A8CD396402_1118295139 Label:BP_Shade14 SpatiallyLoaded:1 Bounds:IsValid=true, Min=(X=3772.500 Y=1232.500 Z=-4492.000), Max=(X=4047.500 Y=1507.500 Z=-4018.125) RuntimeGrid:None EditorOnly:0 RuntimeOnly:0 HLODRelevant:0 ListedInSceneOutliner:1 IsMainWorldOnly:0
 |   |   |- Guid:EC4E0C944CE6AC6E784BC6BB2916EA13 BaseClass: NativeClass:/Script/Engine.StaticMeshActor Name:StaticMeshActor_UAID_A4AE111137DC5EFB00_1110535423 Label:SM_SkySphere SpatiallyLoaded:0 Bounds:IsValid=true, Min=(X=-1638400.000 Y=-1638400.000 Z=-1638400.000), Max=(X=1638400.000 Y=1638400.000 Z=1638400.000) RuntimeGrid:None EditorOnly:0 RuntimeOnly:0 HLODRelevant:1 ListedInSceneOutliner:1 IsMainWorldOnly:0 FolderPath:Lighting FolderGuid:963EC3EB4002CCE9759E2EBA541A873A
 |   |   |- Guid:EDB145184353BDAC5B13CC9DD781974E BaseClass: NativeClass:/Script/Landscape.LandscapeStreamingProxy Name:LandscapeStreamingProxy_9PU0SUA0NZYY8EJHC4LUQQLTZ_63_0_0_0 Label:LandscapeStreamingProxy_0_0_0 SpatiallyLoaded:1 Bounds:IsValid=true, Min=(X=-1180.000 Y=-1770.000 Z=-4487.500), Max=(X=5120.000 Y=4530.000 Z=100.000) RuntimeGrid:None EditorOnly:0 RuntimeOnly:0 HLODRelevant:1 ListedInSceneOutliner:1 IsMainWorldOnly:0
 |   |   |- Guid:F363EAEE49B6A43142F9E78EB2FD60DD BaseClass:/Game/Sun_death_BPs/BP_Shade.BP_Shade_C NativeClass:/Script/Engine.Actor Name:BP_Shade_C_UAID_581122B8A8CD366402_1685406601 Label:BP_Shade4 SpatiallyLoaded:1 Bounds:IsValid=true, Min=(X=6892.500 Y=1352.500 Z=-4492.000), Max=(X=7167.500 Y=1627.500 Z=-4018.125) RuntimeGrid:None EditorOnly:0 RuntimeOnly:0 HLODRelevant:0 ListedInSceneOutliner:1 IsMainWorldOnly:0
 |   |   |- Guid:F90B10ED4368B4830BE98099209763A5 BaseClass:/Game/Sun_death_BPs/BP_Shade.BP_Shade_C NativeClass:/Script/Engine.Actor Name:BP_Shade_C_UAID_581122B8A8CD396402_1159975153 Label:BP_Shade28 SpatiallyLoaded:1 Bounds:IsValid=true, Min=(X=21012.500 Y=2392.500 Z=-4492.000), Max=(X=21287.500 Y=2667.500 Z=-4018.125) RuntimeGrid:None EditorOnly:0 RuntimeOnly:0 HLODRelevant:0 ListedInSceneOutliner:1 IsMainWorldOnly:0
 |   |   |- Guid:FED9A56146FE0FB23FFD3EB3CCBB69DC BaseClass: NativeClass:/Script/Engine.PlayerStart Name:PlayerStart_UAID_581122B8A8CD7F6B02_1535350842 Label:PlayerStart2 SpatiallyLoaded:0 Bounds:IsValid=true, Min=(X=40.000 Y=1630.000 Z=-4470.000), Max=(X=120.000 Y=1710.000 Z=-4286.000) RuntimeGrid:None EditorOnly:0 RuntimeOnly:0 HLODRelevant:0 ListedInSceneOutliner:1 IsMainWorldOnly:0
 |   |   |- Guid:FEFFE6D54FDCE0248F03BAB2A94BCC13 BaseClass:/Game/Sun_death_BPs/BP_Shade.BP_Shade_C NativeClass:/Script/Engine.Actor Name:BP_Shade_C_UAID_581122B8A8CD366402_1709990607 Label:BP_Shade10 SpatiallyLoaded:1 Bounds:IsValid=true, Min=(X=17562.500 Y=592.500 Z=-4492.000), Max=(X=17837.500 Y=867.500 Z=-4018.125) RuntimeGrid:None EditorOnly:0 RuntimeOnly:0 HLODRelevant:0 ListedInSceneOutliner:1 IsMainWorldOnly:0
 |   |- [+] Clusters:
 |   |   |- [+] [  0]
 |   |   |   |- Guid:088EF6244C1809182221CB9CC68242A5 BaseClass:/Game/Sun_death_BPs/BP_Shade.BP_Shade_C NativeClass:/Script/Engine.Actor Name:BP_Shade_C_UAID_581122B8A8CD396402_1162393154 Label:BP_Shade29 SpatiallyLoaded:1 Bounds:IsValid=true, Min=(X=21602.500 Y=492.500 Z=-4492.000), Max=(X=21877.500 Y=767.500 Z=-4018.125) RuntimeGrid:None EditorOnly:0 RuntimeOnly:0 HLODRelevant:0 ListedInSceneOutliner:1 IsMainWorldOnly:0
 |   |   |- [+] [  1]
 |   |   |   |- Guid:126BA7654B8449382FBB6DAEAA3ED4A6 BaseClass:/Game/Sun_death_BPs/BP_Shade.BP_Shade_C NativeClass:/Script/Engine.Actor Name:BP_Shade_C_UAID_581122B8A8CD366402_1698839605 Label:BP_Shade8 SpatiallyLoaded:1 Bounds:IsValid=true, Min=(X=14542.500 Y=492.500 Z=-4492.000), Max=(X=14817.500 Y=767.500 Z=-4018.125) RuntimeGrid:None EditorOnly:0 RuntimeOnly:0 HLODRelevant:0 ListedInSceneOutliner:1 IsMainWorldOnly:0
 |   |   |- [+] [  2]
 |   |   |   |- Guid:1501CAB7472D7DFA43E60181EF1888FF BaseClass:/Game/Sun_death_BPs/BP_Shade.BP_Shade_C NativeClass:/Script/Engine.Actor Name:BP_Shade_C_UAID_581122B8A8CD366402_1711024608 Label:BP_Shade11 SpatiallyLoaded:1 Bounds:IsValid=true, Min=(X=18812.500 Y=1742.500 Z=-4492.000), Max=(X=19087.500 Y=2017.500 Z=-4018.125) RuntimeGrid:None EditorOnly:0 RuntimeOnly:0 HLODRelevant:0 ListedInSceneOutliner:1 IsMainWorldOnly:0
 |   |   |- [+] [  3]
 |   |   |   |- Guid:17F9D6414EBD2F9FFDE3CB8B40C64C56 BaseClass:/Game/Sun_death_BPs/BP_Shade.BP_Shade_C NativeClass:/Script/Engine.Actor Name:BP_Shade_C_UAID_581122B8A8CD396402_1121264140 Label:BP_Shade15 SpatiallyLoaded:1 Bounds:IsValid=true, Min=(X=5422.500 Y=2432.500 Z=-4492.000), Max=(X=5697.500 Y=2707.500 Z=-4018.125) RuntimeGrid:None EditorOnly:0 RuntimeOnly:0 HLODRelevant:0 ListedInSceneOutliner:1 IsMainWorldOnly:0
 |   |   |- [+] [  4]
 |   |   |   |- Guid:1B242C7F43A67E8C8E7309BBC0436513 BaseClass:/Game/ThirdPerson/Blueprints/BP_FollowCamera.BP_FollowCamera_C NativeClass:/Script/Engine.Actor Name:BP_FollowCamera_C_UAID_581122B8A8CDF96302_1493392864 Label:BP_FollowCamera SpatiallyLoaded:1 Bounds:IsValid=true, Min=(X=90.000 Y=1460.000 Z=-4470.000), Max=(X=90.000 Y=1460.000 Z=-4470.000) RuntimeGrid:None EditorOnly:0 RuntimeOnly:0 HLODRelevant:0 ListedInSceneOutliner:1 IsMainWorldOnly:0
 |   |   |- [+] [  5]
 |   |   |   |- Guid:2155CAD7475AEE1A4E475188A11DCA07 BaseClass:/Game/Sun_death_BPs/BP_Shade.BP_Shade_C NativeClass:/Script/Engine.Actor Name:BP_Shade_C_UAID_581122B8A8CD366402_1694728603 Label:BP_Shade6 SpatiallyLoaded:1 Bounds:IsValid=true, Min=(X=10242.500 Y=602.500 Z=-4492.000), Max=(X=10517.500 Y=877.500 Z=-4018.125) RuntimeGrid:None EditorOnly:0 RuntimeOnly:0 HLODRelevant:0 ListedInSceneOutliner:1 IsMainWorldOnly:0
 |   |   |- [+] [  6]
 |   |   |   |- Guid:23504E554C9C35256FCAD49D09B1324F BaseClass:/Game/Sun_death_BPs/BP_Shade.BP_Shade_C NativeClass:/Script/Engine.Actor Name:BP_Shade_C_UAID_581122B8A8CD396402_1150518151 Label:BP_Shade26 SpatiallyLoaded:1 Bounds:IsValid=true, Min=(X=17202.500 Y=1842.500 Z=-4492.000), Max=(X=17477.500 Y=2117.500 Z=-4018.125) RuntimeGrid:None EditorOnly:0 RuntimeOnly:0 HLODRelevant:0 ListedInSceneOutliner:1 IsMainWorldOnly:0
 |   |   |- [+] [  7]
 |   |   |   |- Guid:2485728C4DBEE290F8F2FE90D829CA60 BaseClass: NativeClass:/Script/Engine.BlockingVolume Name:BlockingVolume_UAID_581122B8A8CD1C5B02_1513309520 Label:BlockingVolume SpatiallyLoaded:1 Bounds:IsValid=true, Min=(X=-830.000 Y=45.000 Z=-4530.000), Max=(X=-630.000 Y=2895.000 Z=-4330.000) RuntimeGrid:None EditorOnly:0 RuntimeOnly:0 HLODRelevant:0 ListedInSceneOutliner:1 IsMainWorldOnly:0
 |   |   |- [+] [  8]
 |   |   |   |- Guid:316CF2A6494ACA4C0E4180A87D36AB8F BaseClass: NativeClass:/Script/Engine.ExponentialHeightFog Name:ExponentialHeightFog_0 Label:ExponentialHeightFog SpatiallyLoaded:0 Bounds:IsValid=true, Min=(X=-5600.000 Y=-50.000 Z=-6850.000), Max=(X=-5600.000 Y=-50.000 Z=-6850.000) RuntimeGrid:None EditorOnly:0 RuntimeOnly:0 HLODRelevant:0 ListedInSceneOutliner:1 IsMainWorldOnly:0 FolderPath:Lighting FolderGuid:963EC3EB4002CCE9759E2EBA541A873A
 |   |   |- [+] [  9]
 |   |   |   |- Guid:40D41BCB47AD406F5F266594B6C0C16C BaseClass:/Game/Sun_death_BPs/BP_Shade.BP_Shade_C NativeClass:/Script/Engine.Actor Name:BP_Shade_C_UAID_581122B8A8CD396402_1148144150 Label:BP_Shade25 SpatiallyLoaded:1 Bounds:IsValid=true, Min=(X=15762.500 Y=1132.500 Z=-4492.000), Max=(X=16037.500 Y=1407.500 Z=-4018.125) RuntimeGrid:None EditorOnly:0 RuntimeOnly:0 HLODRelevant:0 ListedInSceneOutliner:1 IsMainWorldOnly:0
 |   |   |- [+] [ 10]
 |   |   |   |- Guid:472F3B4E4A9B386E92EDF28BF9E91F22 BaseClass:/Game/Sun_death_BPs/BP_Shade.BP_Shade_C NativeClass:/Script/Engine.Actor Name:BP_Shade_C_UAID_581122B8A8CD366402_1696190604 Label:BP_Shade7 SpatiallyLoaded:1 Bounds:IsValid=true, Min=(X=13132.500 Y=1602.500 Z=-4492.000), Max=(X=13407.500 Y=1877.500 Z=-4018.125) RuntimeGrid:None EditorOnly:0 RuntimeOnly:0 HLODRelevant:0 ListedInSceneOutliner:1 IsMainWorldOnly:0
 |   |   |- [+] [ 11]
 |   |   |   |- Guid:4D3BE93F4146AAAC8BBE79999D96D57F BaseClass: NativeClass:/Script/Engine.VolumetricCloud Name:VolumetricCloud_0 Label:VolumetricCloud SpatiallyLoaded:0 Bounds:IsValid=true, Min=(X=0.000 Y=0.000 Z=820.000), Max=(X=0.000 Y=0.000 Z=820.000) RuntimeGrid:None EditorOnly:0 RuntimeOnly:0 HLODRelevant:0 ListedInSceneOutliner:1 IsMainWorldOnly:0 FolderPath:Lighting FolderGuid:963EC3EB4002CCE9759E2EBA541A873A
 |   |   |- [+] [ 12]
 |   |   |   |- Guid:584E9A1E4D5458BC1E57198331570964 BaseClass:/Game/Sun_death_BPs/BP_Shade.BP_Shade_C NativeClass:/Script/Engine.Actor Name:BP_Shade_C_UAID_581122B8A8CD396402_1140406146 Label:BP_Shade21 SpatiallyLoaded:1 Bounds:IsValid=true, Min=(X=11332.500 Y=772.500 Z=-4492.000), Max=(X=11607.500 Y=1047.500 Z=-4018.125) RuntimeGrid:None EditorOnly:0 RuntimeOnly:0 HLODRelevant:0 ListedInSceneOutliner:1 IsMainWorldOnly:0
 |   |   |- [+] [ 13]
 |   |   |   |- Guid:600944054EA8A1B31578B9905741FCE6 BaseClass:/Game/Sun_death_BPs/BP_Shade.BP_Shade_C NativeClass:/Script/Engine.Actor Name:BP_Shade_C_UAID_581122B8A8CD396402_1131793144 Label:BP_Shade19 SpatiallyLoaded:1 Bounds:IsValid=true, Min=(X=8432.500 Y=1432.500 Z=-4492.000), Max=(X=8707.500 Y=1707.500 Z=-4018.125) RuntimeGrid:None EditorOnly:0 RuntimeOnly:0 HLODRelevant:0 ListedInSceneOutliner:1 IsMainWorldOnly:0
 |   |   |- [+] [ 14]
 |   |   |   |- Guid:65CB953242A3FBB5F05F9D92EC50F561 BaseClass:/Game/Sun_death_BPs/BP_Shade.BP_Shade_C NativeClass:/Script/Engine.Actor Name:BP_Shade_C_UAID_581122B8A8CD396402_1177567157 Label:BP_Shade32 SpatiallyLoaded:1 Bounds:IsValid=true, Min=(X=4482.500 Y=1882.500 Z=-4492.000), Max=(X=4757.500 Y=2157.500 Z=-4018.125) RuntimeGrid:None EditorOnly:0 RuntimeOnly:0 HLODRelevant:0 ListedInSceneOutliner:1 IsMainWorldOnly:0
 |   |   |- [+] [ 15]
 |   |   |   |- Guid:673B6059433FB82327F8B7A214810709 BaseClass:/Game/Sun_death_BPs/BP_Shade.BP_Shade_C NativeClass:/Script/Engine.Actor Name:BP_Shade_C_UAID_581122B8A8CD366402_1637511599 Label:BP_Shade2 SpatiallyLoaded:1 Bounds:IsValid=true, Min=(X=3072.500 Y=2142.500 Z=-4492.000), Max=(X=3347.500 Y=2417.500 Z=-4018.125) RuntimeGrid:None EditorOnly:0 RuntimeOnly:0 HLODRelevant:0 ListedInSceneOutliner:1 IsMainWorldOnly:0
 |   |   |- [+] [ 16]
 |   |   |   |- Guid:68A385EA4F31BC690ADC7E86211F4505 BaseClass:/Game/ThirdPerson/Blueprints/BP_FinishLine.BP_FinishLine_C NativeClass:/Script/Engine.Actor Name:BP_FinishLine_C_UAID_581122B8A8CD396402_1360468158 Label:BP_FinishLine SpatiallyLoaded:1 Bounds:IsValid=true, Min=(X=22468.000 Y=-0.000 Z=-4512.000), Max=(X=22532.000 Y=3040.000 Z=-4448.000) RuntimeGrid:None EditorOnly:0 RuntimeOnly:0 HLODRelevant:0 ListedInSceneOutliner:1 IsMainWorldOnly:0
 |   |   |- [+] [ 17]
 |   |   |   |- Guid:6BAF4DDD444C60371492D3919DB42C97 BaseClass: NativeClass:/Script/Engine.WorldDataLayers Name:WorldDataLayers Label:WorldDataLayers SpatiallyLoaded:0 Bounds:IsValid=true, Min=(X=0.000 Y=0.000 Z=0.000), Max=(X=0.000 Y=0.000 Z=0.000) RuntimeGrid:None EditorOnly:0 RuntimeOnly:0 HLODRelevant:0 ListedInSceneOutliner:1 IsMainWorldOnly:1
 |   |   |- [+] [ 18]
 |   |   |   |- Guid:6C7880C64F24D4E4F871239AFE9BFC0D BaseClass:/Game/Sun_death_BPs/BP_Shade.BP_Shade_C NativeClass:/Script/Engine.Actor Name:BP_Shade_C_UAID_581122B8A8CD366402_1712178609 Label:BP_Shade12 SpatiallyLoaded:1 Bounds:IsValid=true, Min=(X=20312.500 Y=1122.500 Z=-4492.000), Max=(X=20587.500 Y=1397.500 Z=-4018.125) RuntimeGrid:None EditorOnly:0 RuntimeOnly:0 HLODRelevant:0 ListedInSceneOutliner:1 IsMainWorldOnly:0
 |   |   |- [+] [ 19]
 |   |   |   |- Guid:70A189234D334801F66DF093C3557D03 BaseClass: NativeClass:/Script/Landscape.Landscape Name:Landscape_UAID_581122B8A8CD7C6B02_1985030312 Label:Landscape SpatiallyLoaded:0 Bounds:IsValid=true, Min=(X=-1180.000 Y=-1770.000 Z=100.000), Max=(X=-1180.000 Y=-1770.000 Z=100.000) RuntimeGrid:None EditorOnly:0 RuntimeOnly:0 HLODRelevant:0 ListedInSceneOutliner:1 IsMainWorldOnly:0
 |   |   |- [+] [ 20]
 |   |   |   |- Guid:7A79693F47AE69F135F7FC8A5475C6AE BaseClass:/Game/Sun_death_BPs/BP_Shade.BP_Shade_C NativeClass:/Script/Engine.Actor Name:BP_Shade_C_UAID_581122B8A8CDA66302_1508551264 Label:BP_Shade SpatiallyLoaded:1 Bounds:IsValid=true, Min=(X=872.500 Y=1322.500 Z=-4492.000), Max=(X=1147.500 Y=1597.500 Z=-4018.125) RuntimeGrid:None EditorOnly:0 RuntimeOnly:0 HLODRelevant:0 ListedInSceneOutliner:1 IsMainWorldOnly:0
 |   |   |- [+] [ 21]
 |   |   |   |- Guid:7E195D75432F1E806BA4A89874840676 BaseClass:/Game/Sun_death_BPs/BP_Shade.BP_Shade_C NativeClass:/Script/Engine.Actor Name:BP_Shade_C_UAID_581122B8A8CD396402_1126376142 Label:BP_Shade17 SpatiallyLoaded:1 Bounds:IsValid=true, Min=(X=7992.500 Y=392.500 Z=-4492.000), Max=(X=8267.500 Y=667.500 Z=-4018.125) RuntimeGrid:None EditorOnly:0 RuntimeOnly:0 HLODRelevant:0 ListedInSceneOutliner:1 IsMainWorldOnly:0
 |   |   |- [+] [ 22]
 |   |   |   |- Guid:8A7818C24600223C1CBB89BCD0B5ADF9 BaseClass:/Game/Sun_death_BPs/BP_Shade.BP_Shade_C NativeClass:/Script/Engine.Actor Name:BP_Shade_C_UAID_581122B8A8CD386402_2122787962 Label:BP_Shade13 SpatiallyLoaded:1 Bounds:IsValid=true, Min=(X=2252.500 Y=442.500 Z=-4492.000), Max=(X=2527.500 Y=717.500 Z=-4018.125) RuntimeGrid:None EditorOnly:0 RuntimeOnly:0 HLODRelevant:0 ListedInSceneOutliner:1 IsMainWorldOnly:0
 |   |   |- [+] [ 23]
 |   |   |   |- Guid:8BE0D06D48B69131698EB395F00D8823 BaseClass:/Game/Sun_death_BPs/BP_Shade.BP_Shade_C NativeClass:/Script/Engine.Actor Name:BP_Shade_C_UAID_581122B8A8CD366402_1700423606 Label:BP_Shade9 SpatiallyLoaded:1 Bounds:IsValid=true, Min=(X=16342.500 Y=2022.500 Z=-4492.000), Max=(X=16617.500 Y=2297.500 Z=-4018.125) RuntimeGrid:None EditorOnly:0 RuntimeOnly:0 HLODRelevant:0 ListedInSceneOutliner:1 IsMainWorldOnly:0
 |   |   |- [+] [ 24]
 |   |   |   |- Guid:8F795CBF46B1FBC3277336B46DD25E40 BaseClass:/Game/Sun_death_BPs/BP_Shade.BP_Shade_C NativeClass:/Script/Engine.Actor Name:BP_Shade_C_UAID_581122B8A8CD396402_1123260141 Label:BP_Shade16 SpatiallyLoaded:1 Bounds:IsValid=true, Min=(X=5692.500 Y=1252.500 Z=-4492.000), Max=(X=5967.500 Y=1527.500 Z=-4018.125) RuntimeGrid:None EditorOnly:0 RuntimeOnly:0 HLODRelevant:0 ListedInSceneOutliner:1 IsMainWorldOnly:0
 |   |   |- [+] [ 25]
 |   |   |   |- Guid:9213739D4929B6B428BAE3998AB08216 BaseClass: NativeClass:/Script/Landscape.LandscapeStreamingProxy Name:LandscapeStreamingProxy_9PU0SUA0NZYY8EJHC4LUQQLTZ_63_2_0_0 Label:LandscapeStreamingProxy_2_0_0 SpatiallyLoaded:1 Bounds:IsValid=true, Min=(X=11420.000 Y=-1770.000 Z=-4471.094), Max=(X=17720.000 Y=4530.000 Z=100.000) RuntimeGrid:None EditorOnly:0 RuntimeOnly:0 HLODRelevant:1 ListedInSceneOutliner:1 IsMainWorldOnly:0
 |   |   |- [+] [ 26]
 |   |   |   |- Guid:92FDA2144B43390FFF17F5A80F9E72DF BaseClass: NativeClass:/Script/Engine.PlayerStart Name:PlayerStart_UAID_581122B8A8CD7F6B02_1519817841 Label:PlayerStart SpatiallyLoaded:0 Bounds:IsValid=true, Min=(X=40.000 Y=1240.000 Z=-4470.000), Max=(X=120.000 Y=1320.000 Z=-4286.000) RuntimeGrid:None EditorOnly:0 RuntimeOnly:0 HLODRelevant:0 ListedInSceneOutliner:1 IsMainWorldOnly:0
 |   |   |- [+] [ 27]
 |   |   |   |- Guid:95B5E5EB410865F6F347368C3DDC002D BaseClass:/Game/Sun_death_BPs/BP_Shade.BP_Shade_C NativeClass:/Script/Engine.Actor Name:BP_Shade_C_UAID_581122B8A8CD396402_1173369155 Label:BP_Shade30 SpatiallyLoaded:1 Bounds:IsValid=true, Min=(X=1832.500 Y=2082.500 Z=-4492.000), Max=(X=2107.500 Y=2357.500 Z=-4018.125) RuntimeGrid:None EditorOnly:0 RuntimeOnly:0 HLODRelevant:0 ListedInSceneOutliner:1 IsMainWorldOnly:0
 |   |   |- [+] [ 28]
 |   |   |   |- Guid:AB2C6FCF450E6CAD87D3A5AB31F2C8C9 BaseClass:/Game/Sun_death_BPs/BP_PCG.BP_PCG_C NativeClass:/Script/Engine.Actor Name:BP_PCG_C_UAID_581122B8A8CDEE6302_1621265932 Label:BP_PCG SpatiallyLoaded:1 Bounds:IsValid=true, Min=(X=350.000 Y=290.000 Z=-4480.000), Max=(X=350.000 Y=290.000 Z=-4480.000) RuntimeGrid:None EditorOnly:0 RuntimeOnly:0 HLODRelevant:0 ListedInSceneOutliner:1 IsMainWorldOnly:0
 |   |   |- [+] [ 29]
 |   |   |   |- Guid:AFB8CFB04565C0D65BB63E8F5FB00B11 BaseClass:/Game/Sun_death_BPs/BP_Shade.BP_Shade_C NativeClass:/Script/Engine.Actor Name:BP_Shade_C_UAID_581122B8A8CD366402_1688547602 Label:BP_Shade5 SpatiallyLoaded:1 Bounds:IsValid=true, Min=(X=9282.500 Y=2152.500 Z=-4492.000), Max=(X=9557.500 Y=2427.500 Z=-4018.125) RuntimeGrid:None EditorOnly:0 RuntimeOnly:0 HLODRelevant:0 ListedInSceneOutliner:1 IsMainWorldOnly:0
 |   |   |- [+] [ 30]
 |   |   |   |- Guid:B0F3FFFC46A2BF3E6D19449A939E3045 BaseClass:/Game/Sun_death_BPs/BP_Shade.BP_Shade_C NativeClass:/Script/Engine.Actor Name:BP_Shade_C_UAID_581122B8A8CD396402_1142423147 Label:BP_Shade22 SpatiallyLoaded:1 Bounds:IsValid=true, Min=(X=11772.500 Y=1892.500 Z=-4492.000), Max=(X=12047.500 Y=2167.500 Z=-4018.125) RuntimeGrid:None EditorOnly:0 RuntimeOnly:0 HLODRelevant:0 ListedInSceneOutliner:1 IsMainWorldOnly:0
 |   |   |- [+] [ 31]
 |   |   |   |- Guid:B3CB46404C1C80896270D1829C543890 BaseClass:/Game/Sun_death_BPs/BP_Shade.BP_Shade_C NativeClass:/Script/Engine.Actor Name:BP_Shade_C_UAID_581122B8A8CD396402_1138699145 Label:BP_Shade20 SpatiallyLoaded:1 Bounds:IsValid=true, Min=(X=10582.500 Y=2202.500 Z=-4492.000), Max=(X=10857.500 Y=2477.500 Z=-4018.125) RuntimeGrid:None EditorOnly:0 RuntimeOnly:0 HLODRelevant:0 ListedInSceneOutliner:1 IsMainWorldOnly:0
 |   |   |- [+] [ 32]
 |   |   |   |- Guid:B785ED2844B84CFB91E7F39FE661CD99 BaseClass: NativeClass:/Script/Engine.DirectionalLight Name:DirectionalLight_0 Label:DirectionalLight SpatiallyLoaded:0 Bounds:Invalid RuntimeGrid:None EditorOnly:0 RuntimeOnly:0 HLODRelevant:0 ListedInSceneOutliner:1 IsMainWorldOnly:0 FolderPath:Lighting FolderGuid:963EC3EB4002CCE9759E2EBA541A873A
 |   |   |- [+] [ 33]
 |   |   |   |- Guid:C22219B042B406A566AAA3BE57E633BD BaseClass:/Game/Sun_death_BPs/BP_Shade.BP_Shade_C NativeClass:/Script/Engine.Actor Name:BP_Shade_C_UAID_581122B8A8CD396402_1146408149 Label:BP_Shade24 SpatiallyLoaded:1 Bounds:IsValid=true, Min=(X=14292.500 Y=2182.500 Z=-4492.000), Max=(X=14567.500 Y=2457.500 Z=-4018.125) RuntimeGrid:None EditorOnly:0 RuntimeOnly:0 HLODRelevant:0 ListedInSceneOutliner:1 IsMainWorldOnly:0
 |   |   |- [+] [ 34]
 |   |   |   |- Guid:C38F230B43807A827E208985FD63F8AD BaseClass:/Game/Sun_death_BPs/BP_Shade.BP_Shade_C NativeClass:/Script/Engine.Actor Name:BP_Shade_C_UAID_581122B8A8CD396402_1143664148 Label:BP_Shade23 SpatiallyLoaded:1 Bounds:IsValid=true, Min=(X=12842.500 Y=532.500 Z=-4492.000), Max=(X=13117.500 Y=807.500 Z=-4018.125) RuntimeGrid:None EditorOnly:0 RuntimeOnly:0 HLODRelevant:0 ListedInSceneOutliner:1 IsMainWorldOnly:0
 |   |   |- [+] [ 35]
 |   |   |   |- Guid:C607F80A4D2BD8F27DD43D99A4BA0F62 BaseClass:/Game/Sun_death_BPs/BP_Shade.BP_Shade_C NativeClass:/Script/Engine.Actor Name:BP_Shade_C_UAID_581122B8A8CD396402_1175739156 Label:BP_Shade31 SpatiallyLoaded:1 Bounds:IsValid=true, Min=(X=902.500 Y=382.500 Z=-4492.000), Max=(X=1177.500 Y=657.500 Z=-4018.125) RuntimeGrid:None EditorOnly:0 RuntimeOnly:0 HLODRelevant:0 ListedInSceneOutliner:1 IsMainWorldOnly:0
 |   |   |- [+] [ 36]
 |   |   |   |- Guid:CBB0E1F94A3F52F7C0EBC6B15678B40C BaseClass: NativeClass:/Script/Landscape.LandscapeStreamingProxy Name:LandscapeStreamingProxy_9PU0SUA0NZYY8EJHC4LUQQLTZ_63_3_0_0 Label:LandscapeStreamingProxy_3_0_0 SpatiallyLoaded:1 Bounds:IsValid=true, Min=(X=17720.000 Y=-1770.000 Z=-4471.094), Max=(X=24020.000 Y=4530.000 Z=100.000) RuntimeGrid:None EditorOnly:0 RuntimeOnly:0 HLODRelevant:1 ListedInSceneOutliner:1 IsMainWorldOnly:0
 |   |   |- [+] [ 37]
 |   |   |   |- Guid:CCFF262C46EEFFDF319E7F9539CE697E BaseClass: NativeClass:/Script/Engine.SkyAtmosphere Name:SkyAtmosphere_0 Label:SkyAtmosphere SpatiallyLoaded:0 Bounds:IsValid=true, Min=(X=0.000 Y=0.000 Z=1020.000), Max=(X=0.000 Y=0.000 Z=1020.000) RuntimeGrid:None EditorOnly:0 RuntimeOnly:0 HLODRelevant:0 ListedInSceneOutliner:1 IsMainWorldOnly:0 FolderPath:Lighting FolderGuid:963EC3EB4002CCE9759E2EBA541A873A
 |   |   |- [+] [ 38]
 |   |   |   |- Guid:D061644C4F095B8DA17382A1DA122640 BaseClass:/Game/Sun_death_BPs/BP_SunDamage.BP_SunDamage_C NativeClass:/Script/Engine.Actor Name:BP_SunDamage_C_UAID_581122B8A8CDA16302_2104762383 Label:BP_SunDamage SpatiallyLoaded:1 Bounds:IsValid=true, Min=(X=178.000 Y=98.000 Z=-4512.000), Max=(X=22642.000 Y=2882.000 Z=-4448.000) RuntimeGrid:None EditorOnly:0 RuntimeOnly:0 HLODRelevant:0 ListedInSceneOutliner:1 IsMainWorldOnly:0
 |   |   |- [+] [ 39]
 |   |   |   |- Guid:D0D4E0EA4F496F53D029D99B00A0433F BaseClass:/Game/Sun_death_BPs/BP_Shade.BP_Shade_C NativeClass:/Script/Engine.Actor Name:BP_Shade_C_UAID_581122B8A8CD396402_1128180143 Label:BP_Shade18 SpatiallyLoaded:1 Bounds:IsValid=true, Min=(X=7162.500 Y=2372.500 Z=-4492.000), Max=(X=7437.500 Y=2647.500 Z=-4018.125) RuntimeGrid:None EditorOnly:0 RuntimeOnly:0 HLODRelevant:0 ListedInSceneOutliner:1 IsMainWorldOnly:0
 |   |   |- [+] [ 40]
 |   |   |   |- Guid:D22ECEEE4BB3D149CB35CDA12FA3E597 BaseClass:/Game/Sun_death_BPs/BP_Shade.BP_Shade_C NativeClass:/Script/Engine.Actor Name:BP_Shade_C_UAID_581122B8A8CD366402_1679990600 Label:BP_Shade3 SpatiallyLoaded:1 Bounds:IsValid=true, Min=(X=4662.500 Y=362.500 Z=-4492.000), Max=(X=4937.500 Y=637.500 Z=-4018.125) RuntimeGrid:None EditorOnly:0 RuntimeOnly:0 HLODRelevant:0 ListedInSceneOutliner:1 IsMainWorldOnly:0
 |   |   |- [+] [ 41]
 |   |   |   |- Guid:D93BA4BE4B964BE4DAE2FF8C8B8F34D3 BaseClass:/Game/Sun_death_BPs/BP_Shade.BP_Shade_C NativeClass:/Script/Engine.Actor Name:BP_Shade_C_UAID_581122B8A8CD396402_1158263152 Label:BP_Shade27 SpatiallyLoaded:1 Bounds:IsValid=true, Min=(X=19042.500 Y=662.500 Z=-4492.000), Max=(X=19317.500 Y=937.500 Z=-4018.125) RuntimeGrid:None EditorOnly:0 RuntimeOnly:0 HLODRelevant:0 ListedInSceneOutliner:1 IsMainWorldOnly:0
 |   |   |- [+] [ 42]
 |   |   |   |- Guid:DECEDE224F9C0D8050DAC587D949B403 BaseClass: NativeClass:/Script/Landscape.LandscapeStreamingProxy Name:LandscapeStreamingProxy_9PU0SUA0NZYY8EJHC4LUQQLTZ_63_1_0_0 Label:LandscapeStreamingProxy_1_0_0 SpatiallyLoaded:1 Bounds:IsValid=true, Min=(X=5120.000 Y=-1770.000 Z=-4471.875), Max=(X=11420.000 Y=4530.000 Z=100.000) RuntimeGrid:None EditorOnly:0 RuntimeOnly:0 HLODRelevant:1 ListedInSceneOutliner:1 IsMainWorldOnly:0
 |   |   |- [+] [ 43]
 |   |   |   |- Guid:EA165E3541E75E68981FE793662D11A9 BaseClass:/Game/Sun_death_BPs/BP_Shade.BP_Shade_C NativeClass:/Script/Engine.Actor Name:BP_Shade_C_UAID_581122B8A8CD396402_1118295139 Label:BP_Shade14 SpatiallyLoaded:1 Bounds:IsValid=true, Min=(X=3772.500 Y=1232.500 Z=-4492.000), Max=(X=4047.500 Y=1507.500 Z=-4018.125) RuntimeGrid:None EditorOnly:0 RuntimeOnly:0 HLODRelevant:0 ListedInSceneOutliner:1 IsMainWorldOnly:0
 |   |   |- [+] [ 44]
 |   |   |   |- Guid:EC4E0C944CE6AC6E784BC6BB2916EA13 BaseClass: NativeClass:/Script/Engine.StaticMeshActor Name:StaticMeshActor_UAID_A4AE111137DC5EFB00_1110535423 Label:SM_SkySphere SpatiallyLoaded:0 Bounds:IsValid=true, Min=(X=-1638400.000 Y=-1638400.000 Z=-1638400.000), Max=(X=1638400.000 Y=1638400.000 Z=1638400.000) RuntimeGrid:None EditorOnly:0 RuntimeOnly:0 HLODRelevant:1 ListedInSceneOutliner:1 IsMainWorldOnly:0 FolderPath:Lighting FolderGuid:963EC3EB4002CCE9759E2EBA541A873A
 |   |   |- [+] [ 45]
 |   |   |   |- Guid:EDB145184353BDAC5B13CC9DD781974E BaseClass: NativeClass:/Script/Landscape.LandscapeStreamingProxy Name:LandscapeStreamingProxy_9PU0SUA0NZYY8EJHC4LUQQLTZ_63_0_0_0 Label:LandscapeStreamingProxy_0_0_0 SpatiallyLoaded:1 Bounds:IsValid=true, Min=(X=-1180.000 Y=-1770.000 Z=-4487.500), Max=(X=5120.000 Y=4530.000 Z=100.000) RuntimeGrid:None EditorOnly:0 RuntimeOnly:0 HLODRelevant:1 ListedInSceneOutliner:1 IsMainWorldOnly:0
 |   |   |- [+] [ 46]
 |   |   |   |- Guid:F363EAEE49B6A43142F9E78EB2FD60DD BaseClass:/Game/Sun_death_BPs/BP_Shade.BP_Shade_C NativeClass:/Script/Engine.Actor Name:BP_Shade_C_UAID_581122B8A8CD366402_1685406601 Label:BP_Shade4 SpatiallyLoaded:1 Bounds:IsValid=true, Min=(X=6892.500 Y=1352.500 Z=-4492.000), Max=(X=7167.500 Y=1627.500 Z=-4018.125) RuntimeGrid:None EditorOnly:0 RuntimeOnly:0 HLODRelevant:0 ListedInSceneOutliner:1 IsMainWorldOnly:0
 |   |   |- [+] [ 47]
 |   |   |   |- Guid:F90B10ED4368B4830BE98099209763A5 BaseClass:/Game/Sun_death_BPs/BP_Shade.BP_Shade_C NativeClass:/Script/Engine.Actor Name:BP_Shade_C_UAID_581122B8A8CD396402_1159975153 Label:BP_Shade28 SpatiallyLoaded:1 Bounds:IsValid=true, Min=(X=21012.500 Y=2392.500 Z=-4492.000), Max=(X=21287.500 Y=2667.500 Z=-4018.125) RuntimeGrid:None EditorOnly:0 RuntimeOnly:0 HLODRelevant:0 ListedInSceneOutliner:1 IsMainWorldOnly:0
 |   |   |- [+] [ 48]
 |   |   |   |- Guid:FED9A56146FE0FB23FFD3EB3CCBB69DC BaseClass: NativeClass:/Script/Engine.PlayerStart Name:PlayerStart_UAID_581122B8A8CD7F6B02_1535350842 Label:PlayerStart2 SpatiallyLoaded:0 Bounds:IsValid=true, Min=(X=40.000 Y=1630.000 Z=-4470.000), Max=(X=120.000 Y=1710.000 Z=-4286.000) RuntimeGrid:None EditorOnly:0 RuntimeOnly:0 HLODRelevant:0 ListedInSceneOutliner:1 IsMainWorldOnly:0
 |   |   |- [+] [ 49]
 |   |   |   |- Guid:FEFFE6D54FDCE0248F03BAB2A94BCC13 BaseClass:/Game/Sun_death_BPs/BP_Shade.BP_Shade_C NativeClass:/Script/Engine.Actor Name:BP_Shade_C_UAID_581122B8A8CD366402_1709990607 Label:BP_Shade10 SpatiallyLoaded:1 Bounds:IsValid=true, Min=(X=17562.500 Y=592.500 Z=-4492.000), Max=(X=17837.500 Y=867.500 Z=-4018.125) RuntimeGrid:None EditorOnly:0 RuntimeOnly:0 HLODRelevant:0 ListedInSceneOutliner:1 IsMainWorldOnly:0
 |- ContainerInstances:
 |- [+] MainContainer:
 |   |-        ID: 00000000000000000000000000000000
 |   |-  ParentID: 00000000000000000000000000000000
 |   |-    Bounds: IsValid=false, Min=(X=0.000 Y=0.000 Z=0.000), Max=(X=0.000 Y=0.000 Z=0.000)
 |   |- Transform: 0.000000,0.000000,0.000000|0.000000,0.000000,-0.000000|1.000000,1.000000,1.000000
 |   |- Container: /Game/ThirdPerson/Maps/ThirdPersonMap
----------------------------------------------------------------------------------------------------------------
ThirdPersonMap - Persistent Level
----------------------------------------------------------------------------------------------------------------
[+] Content of ThirdPersonMap Persistent Level
 |- Always loaded Actor Count: 50 
 |- Actor Path: /Game/ThirdPerson/Maps/ThirdPersonMap.ThirdPersonMap:PersistentLevel.BlockingVolume_UAID_581122B8A8CD1C5B02_1513309520
 |- Actor Package: /Game/__ExternalActors__/ThirdPerson/Maps/ThirdPersonMap/B/M2/10Q8IHNRIRD68FXQI63RN5
 |- Actor Path: /Game/ThirdPerson/Maps/ThirdPersonMap.ThirdPersonMap:PersistentLevel.BP_FinishLine_C_UAID_581122B8A8CD396402_1360468158
 |- Actor Package: /Game/__ExternalActors__/ThirdPerson/Maps/ThirdPersonMap/8/IU/TJSEKBJ3ZZ3E2N79KMD4LA
 |- Actor Path: /Game/ThirdPerson/Maps/ThirdPersonMap.ThirdPersonMap:PersistentLevel.BP_FollowCamera_C_UAID_581122B8A8CDF96302_1493392864
 |- Actor Package: /Game/__ExternalActors__/ThirdPerson/Maps/ThirdPersonMap/E/LT/798AIX3ZRI06NMD3XDVVRO
 |- Actor Path: /Game/ThirdPerson/Maps/ThirdPersonMap.ThirdPersonMap:PersistentLevel.BP_PCG_C_UAID_581122B8A8CDEE6302_1621265932
 |- Actor Package: /Game/__ExternalActors__/ThirdPerson/Maps/ThirdPersonMap/A/ZU/F3FPA11SZNMI0M388PJ63C
 |- Actor Path: /Game/ThirdPerson/Maps/ThirdPersonMap.ThirdPersonMap:PersistentLevel.BP_Shade_C_UAID_581122B8A8CD366402_1637511599
 |- Actor Package: /Game/__ExternalActors__/ThirdPerson/Maps/ThirdPersonMap/F/2G/QOVVRELKE2IZ3UKFK9KYCU
 |- Actor Path: /Game/ThirdPerson/Maps/ThirdPersonMap.ThirdPersonMap:PersistentLevel.BP_Shade_C_UAID_581122B8A8CD366402_1679990600
 |- Actor Package: /Game/__ExternalActors__/ThirdPerson/Maps/ThirdPersonMap/5/VH/27QVPXUITTC4DQ676BKWEB
 |- Actor Path: /Game/ThirdPerson/Maps/ThirdPersonMap.ThirdPersonMap:PersistentLevel.BP_Shade_C_UAID_581122B8A8CD366402_1685406601
 |- Actor Package: /Game/__ExternalActors__/ThirdPerson/Maps/ThirdPersonMap/C/UU/XHY9B4M59GENQJO0L63524
 |- Actor Path: /Game/ThirdPerson/Maps/ThirdPersonMap.ThirdPersonMap:PersistentLevel.BP_Shade_C_UAID_581122B8A8CD366402_1688547602
 |- Actor Package: /Game/__ExternalActors__/ThirdPerson/Maps/ThirdPersonMap/A/68/KV76TBRF4PX572OJC556K3
 |- Actor Path: /Game/ThirdPerson/Maps/ThirdPersonMap.ThirdPersonMap:PersistentLevel.BP_Shade_C_UAID_581122B8A8CD366402_1694728603
 |- Actor Package: /Game/__ExternalActors__/ThirdPerson/Maps/ThirdPersonMap/5/3P/NBB644259LIQJMJAMPD2T0
 |- Actor Path: /Game/ThirdPerson/Maps/ThirdPersonMap.ThirdPersonMap:PersistentLevel.BP_Shade_C_UAID_581122B8A8CD366402_1696190604
 |- Actor Package: /Game/__ExternalActors__/ThirdPerson/Maps/ThirdPersonMap/7/2S/99Z6PQEWCSO0YBUMT2W1D9
 |- Actor Path: /Game/ThirdPerson/Maps/ThirdPersonMap.ThirdPersonMap:PersistentLevel.BP_Shade_C_UAID_581122B8A8CD366402_1698839605
 |- Actor Package: /Game/__ExternalActors__/ThirdPerson/Maps/ThirdPersonMap/A/O0/LQOD1AF6470RHKENTI5JHJ
 |- Actor Path: /Game/ThirdPerson/Maps/ThirdPersonMap.ThirdPersonMap:PersistentLevel.BP_Shade_C_UAID_581122B8A8CD366402_1700423606
 |- Actor Package: /Game/__ExternalActors__/ThirdPerson/Maps/ThirdPersonMap/D/8P/HHJY3PEQ2VNH8NNZH3DUFZ
 |- Actor Path: /Game/ThirdPerson/Maps/ThirdPersonMap.ThirdPersonMap:PersistentLevel.BP_Shade_C_UAID_581122B8A8CD366402_1709990607
 |- Actor Package: /Game/__ExternalActors__/ThirdPerson/Maps/ThirdPersonMap/9/88/N9V2D51UJKD4S99GQETOGD
 |- Actor Path: /Game/ThirdPerson/Maps/ThirdPersonMap.ThirdPersonMap:PersistentLevel.BP_Shade_C_UAID_581122B8A8CD366402_1711024608
 |- Actor Package: /Game/__ExternalActors__/ThirdPerson/Maps/ThirdPersonMap/1/WF/DLELKZCO2113RNK9MC7EC1
 |- Actor Path: /Game/ThirdPerson/Maps/ThirdPersonMap.ThirdPersonMap:PersistentLevel.BP_Shade_C_UAID_581122B8A8CD366402_1712178609
 |- Actor Package: /Game/__ExternalActors__/ThirdPerson/Maps/ThirdPersonMap/1/NV/GMVMOVE7QKP5TSTO3VCTWZ
 |- Actor Path: /Game/ThirdPerson/Maps/ThirdPersonMap.ThirdPersonMap:PersistentLevel.BP_Shade_C_UAID_581122B8A8CD386402_2122787962
 |- Actor Package: /Game/__ExternalActors__/ThirdPerson/Maps/ThirdPersonMap/C/O4/3GE91Q8RHNY73OYEKR6FWU
 |- Actor Path: /Game/ThirdPerson/Maps/ThirdPersonMap.ThirdPersonMap:PersistentLevel.BP_Shade_C_UAID_581122B8A8CD396402_1118295139
 |- Actor Package: /Game/__ExternalActors__/ThirdPerson/Maps/ThirdPersonMap/9/A4/VTA1YMS8YTN6P3PKS9TWE8
 |- Actor Path: /Game/ThirdPerson/Maps/ThirdPersonMap.ThirdPersonMap:PersistentLevel.BP_Shade_C_UAID_581122B8A8CD396402_1121264140
 |- Actor Package: /Game/__ExternalActors__/ThirdPerson/Maps/ThirdPersonMap/8/OX/BIEH2BDR13FHVMML3XUHHB
 |- Actor Path: /Game/ThirdPerson/Maps/ThirdPersonMap.ThirdPersonMap:PersistentLevel.BP_Shade_C_UAID_581122B8A8CD396402_1123260141
 |- Actor Package: /Game/__ExternalActors__/ThirdPerson/Maps/ThirdPersonMap/A/IQ/5KDSM89LV1CFGBI4E09RTJ
 |- Actor Path: /Game/ThirdPerson/Maps/ThirdPersonMap.ThirdPersonMap:PersistentLevel.BP_Shade_C_UAID_581122B8A8CD396402_1126376142
 |- Actor Package: /Game/__ExternalActors__/ThirdPerson/Maps/ThirdPersonMap/7/FZ/IYTYIV7FBKYDC3K1XGVNIC
 |- Actor Path: /Game/ThirdPerson/Maps/ThirdPersonMap.ThirdPersonMap:PersistentLevel.BP_Shade_C_UAID_581122B8A8CD396402_1128180143
 |- Actor Package: /Game/__ExternalActors__/ThirdPerson/Maps/ThirdPersonMap/8/US/HXYZA6YBYWV6IZ0GR42NYL
 |- Actor Path: /Game/ThirdPerson/Maps/ThirdPersonMap.ThirdPersonMap:PersistentLevel.BP_Shade_C_UAID_581122B8A8CD396402_1131793144
 |- Actor Package: /Game/__ExternalActors__/ThirdPerson/Maps/ThirdPersonMap/4/FC/DBMXIM5JC0NCX17IXR151F
 |- Actor Path: /Game/ThirdPerson/Maps/ThirdPersonMap.ThirdPersonMap:PersistentLevel.BP_Shade_C_UAID_581122B8A8CD396402_1138699145
 |- Actor Package: /Game/__ExternalActors__/ThirdPerson/Maps/ThirdPersonMap/6/86/MLCY7Q5O9MTHB3KCW044WH
 |- Actor Path: /Game/ThirdPerson/Maps/ThirdPersonMap.ThirdPersonMap:PersistentLevel.BP_Shade_C_UAID_581122B8A8CD396402_1140406146
 |- Actor Package: /Game/__ExternalActors__/ThirdPerson/Maps/ThirdPersonMap/9/FR/4M5KPBP6HIND453FFWH9EX
 |- Actor Path: /Game/ThirdPerson/Maps/ThirdPersonMap.ThirdPersonMap:PersistentLevel.BP_Shade_C_UAID_581122B8A8CD396402_1142423147
 |- Actor Package: /Game/__ExternalActors__/ThirdPerson/Maps/ThirdPersonMap/2/P0/FKFWX91GFSFZ54O0C0AHUP
 |- Actor Path: /Game/ThirdPerson/Maps/ThirdPersonMap.ThirdPersonMap:PersistentLevel.BP_Shade_C_UAID_581122B8A8CD396402_1143664148
 |- Actor Package: /Game/__ExternalActors__/ThirdPerson/Maps/ThirdPersonMap/F/50/WQ86T3TNQB8P66SM2D1X2K
 |- Actor Path: /Game/ThirdPerson/Maps/ThirdPersonMap.ThirdPersonMap:PersistentLevel.BP_Shade_C_UAID_581122B8A8CD396402_1146408149
 |- Actor Package: /Game/__ExternalActors__/ThirdPerson/Maps/ThirdPersonMap/E/1L/EH3WIUF7XQL8NQ077LN2QS
 |- Actor Path: /Game/ThirdPerson/Maps/ThirdPersonMap.ThirdPersonMap:PersistentLevel.BP_Shade_C_UAID_581122B8A8CD396402_1148144150
 |- Actor Package: /Game/__ExternalActors__/ThirdPerson/Maps/ThirdPersonMap/0/H8/9HH3K2D2XUQ2LMELI054YV
 |- Actor Path: /Game/ThirdPerson/Maps/ThirdPersonMap.ThirdPersonMap:PersistentLevel.BP_Shade_C_UAID_581122B8A8CD396402_1150518151
 |- Actor Package: /Game/__ExternalActors__/ThirdPerson/Maps/ThirdPersonMap/0/1R/0XDL2W7FH6LPNEDTQL3RWD
 |- Actor Path: /Game/ThirdPerson/Maps/ThirdPersonMap.ThirdPersonMap:PersistentLevel.BP_Shade_C_UAID_581122B8A8CD396402_1158263152
 |- Actor Package: /Game/__ExternalActors__/ThirdPerson/Maps/ThirdPersonMap/D/CE/BK1JVXM56JRSVVCV959OYX
 |- Actor Path: /Game/ThirdPerson/Maps/ThirdPersonMap.ThirdPersonMap:PersistentLevel.BP_Shade_C_UAID_581122B8A8CD396402_1159975153
 |- Actor Package: /Game/__ExternalActors__/ThirdPerson/Maps/ThirdPersonMap/3/YG/4QSUTDB9KVRXZQLH9G17FS
 |- Actor Path: /Game/ThirdPerson/Maps/ThirdPersonMap.ThirdPersonMap:PersistentLevel.BP_Shade_C_UAID_581122B8A8CD396402_1162393154
 |- Actor Package: /Game/__ExternalActors__/ThirdPerson/Maps/ThirdPersonMap/4/Z9/2AB1JCFJYYRHM4DR4GFD88
 |- Actor Path: /Game/ThirdPerson/Maps/ThirdPersonMap.ThirdPersonMap:PersistentLevel.BP_Shade_C_UAID_581122B8A8CD396402_1173369155
 |- Actor Package: /Game/__ExternalActors__/ThirdPerson/Maps/ThirdPersonMap/C/FM/4OAXE8R0FTTHHMZJMXOEAU
 |- Actor Path: /Game/ThirdPerson/Maps/ThirdPersonMap.ThirdPersonMap:PersistentLevel.BP_Shade_C_UAID_581122B8A8CD396402_1175739156
 |- Actor Package: /Game/__ExternalActors__/ThirdPerson/Maps/ThirdPersonMap/C/HD/IYF9HULRDPEAPCPRSDJ5PG
 |- Actor Path: /Game/ThirdPerson/Maps/ThirdPersonMap.ThirdPersonMap:PersistentLevel.BP_Shade_C_UAID_581122B8A8CD396402_1177567157
 |- Actor Package: /Game/__ExternalActors__/ThirdPerson/Maps/ThirdPersonMap/8/SV/971EH8MS8A16SZ8MRHJC7R
 |- Actor Path: /Game/ThirdPerson/Maps/ThirdPersonMap.ThirdPersonMap:PersistentLevel.BP_Shade_C_UAID_581122B8A8CDA66302_1508551264
 |- Actor Package: /Game/__ExternalActors__/ThirdPerson/Maps/ThirdPersonMap/A/AU/RXTGYU6IX53WP063IC8J0J
 |- Actor Path: /Game/ThirdPerson/Maps/ThirdPersonMap.ThirdPersonMap:PersistentLevel.BP_SunDamage_C_UAID_581122B8A8CDA16302_2104762383
 |- Actor Package: /Game/__ExternalActors__/ThirdPerson/Maps/ThirdPersonMap/2/8M/06V7VG7MG117EDB9189LGR
 |- Actor Path: /Game/ThirdPerson/Maps/ThirdPersonMap.ThirdPersonMap:PersistentLevel.DirectionalLight_0
 |- Actor Package: /Game/__ExternalActors__/ThirdPerson/Maps/ThirdPersonMap/5/R1/TS5OQ5CRUWFZYL1ZQ7I416
 |- Actor Path: /Game/ThirdPerson/Maps/ThirdPersonMap.ThirdPersonMap:PersistentLevel.ExponentialHeightFog_0
 |- Actor Package: /Game/__ExternalActors__/ThirdPerson/Maps/ThirdPersonMap/6/J7/N10XDC9G27EMLS5AGZ6AVV
 |- Actor Path: /Game/ThirdPerson/Maps/ThirdPersonMap.ThirdPersonMap:PersistentLevel.Landscape_UAID_581122B8A8CD7C6B02_1985030312
 |- Actor Package: /Game/__ExternalActors__/ThirdPerson/Maps/ThirdPersonMap/0/JJ/ANC35HUG14E90HM58PK609
 |- Actor Path: /Game/ThirdPerson/Maps/ThirdPersonMap.ThirdPersonMap:PersistentLevel.LandscapeStreamingProxy_9PU0SUA0NZYY8EJHC4LUQQLTZ_63_0_0_0
 |- Actor Package: /Game/__ExternalActors__/ThirdPerson/Maps/ThirdPersonMap/4/5G/3I28U15ACC661AHGMO2GM7
 |- Actor Path: /Game/ThirdPerson/Maps/ThirdPersonMap.ThirdPersonMap:PersistentLevel.LandscapeStreamingProxy_9PU0SUA0NZYY8EJHC4LUQQLTZ_63_1_0_0
 |- Actor Package: /Game/__ExternalActors__/ThirdPerson/Maps/ThirdPersonMap/1/XI/DE7K43O9LX7PKNMW9BK30C
 |- Actor Path: /Game/ThirdPerson/Maps/ThirdPersonMap.ThirdPersonMap:PersistentLevel.LandscapeStreamingProxy_9PU0SUA0NZYY8EJHC4LUQQLTZ_63_2_0_0
 |- Actor Package: /Game/__ExternalActors__/ThirdPerson/Maps/ThirdPersonMap/0/5G/4CNIHCAANHFGGH3P9TZ26B
 |- Actor Path: /Game/ThirdPerson/Maps/ThirdPersonMap.ThirdPersonMap:PersistentLevel.LandscapeStreamingProxy_9PU0SUA0NZYY8EJHC4LUQQLTZ_63_3_0_0
 |- Actor Package: /Game/__ExternalActors__/ThirdPerson/Maps/ThirdPersonMap/D/ZJ/ES1Q5MXH1D08U10JCC28WT
 |- Actor Path: /Game/ThirdPerson/Maps/ThirdPersonMap.ThirdPersonMap:PersistentLevel.PlayerStart_UAID_581122B8A8CD7F6B02_1519817841
 |- Actor Package: /Game/__ExternalActors__/ThirdPerson/Maps/ThirdPersonMap/D/WT/U3WV09E5AKE1NPSBHAGAAJ
 |- Actor Path: /Game/ThirdPerson/Maps/ThirdPersonMap.ThirdPersonMap:PersistentLevel.PlayerStart_UAID_581122B8A8CD7F6B02_1535350842
 |- Actor Package: /Game/__ExternalActors__/ThirdPerson/Maps/ThirdPersonMap/4/OG/WX5P7BPCAI95ZRUF89S11L
 |- Actor Path: /Game/ThirdPerson/Maps/ThirdPersonMap.ThirdPersonMap:PersistentLevel.SkyAtmosphere_0
 |- Actor Package: /Game/__ExternalActors__/ThirdPerson/Maps/ThirdPersonMap/4/LN/30UBDLYFFA5ZR7U4W4L4GG
 |- Actor Path: /Game/ThirdPerson/Maps/ThirdPersonMap.ThirdPersonMap:PersistentLevel.StaticMeshActor_UAID_A4AE111137DC5EFB00_1110535423
 |- Actor Package: /Game/__ExternalActors__/ThirdPerson/Maps/ThirdPersonMap/4/PN/2QISIGK5DJNQ05US8O8FXW
 |- Actor Path: /Game/ThirdPerson/Maps/ThirdPersonMap.ThirdPersonMap:PersistentLevel.VolumetricCloud_0
 |- Actor Package: /Game/__ExternalActors__/ThirdPerson/Maps/ThirdPersonMap/3/EY/87SHEJN5UBEAN2K5OV1G6R
 |- Actor Path: /Game/ThirdPerson/Maps/ThirdPersonMap.ThirdPersonMap:PersistentLevel.WorldDataLayers
 |- Actor Package: /Game/__ExternalActors__/ThirdPerson/Maps/ThirdPersonMap/0/43/HYQWORMY4JDQ5X3OKZXFLC

----------------------------------------------------------------------------------------------------------------
ThirdPersonMap - Runtime Hash Set
----------------------------------------------------------------------------------------------------------------

